#
# A fatal error has been detected by the Java Runtime Environment:
#
#  Internal Error (generateOopMap.cpp:2162), pid=9654, tid=9678
#  fatal error: Illegal class file encountered. Try running with -Xverify:all in method main
#
# JRE version: OpenJDK Runtime Environment (10.0.2+13) (build 10.0.2+13-Ubuntu-1ubuntu0.18.04.4)
# Java VM: OpenJDK 64-Bit Server VM (10.0.2+13-Ubuntu-1ubuntu0.18.04.4, mixed mode, tiered, compressed oops, g1 gc, linux-amd64)
# Core dump will be written. Default location: Core dumps may be processed with "/usr/share/apport/apport %p %s %c %d %P" (or dumping to /home/gleb/IdeaProjects/uml/core.9654)
#
# If you would like to submit a bug report, please visit:
#   http://bugreport.java.com/bugreport/crash.jsp
#

---------------  S U M M A R Y ------------

Command Line: -agentlib:jdwp=transport=dt_socket,address=127.0.0.1:41935,suspend=y,server=n -javaagent:/home/gleb/Downloads/idea-IC-182.4323.46/lib/rt/debugger-agent.jar=file:/tmp/capture.props -Dfile.encoding=UTF-8 ru.ifmo.uml.Main

Host: Intel(R) Core(TM) i7-7500U CPU @ 2.70GHz, 4 cores, 15G, Ubuntu 18.04.1 LTS
Time: Wed May  1 08:11:32 2019 +03 elapsed time: 4107 seconds (0d 1h 8m 27s)

---------------  T H R E A D  ---------------

Current thread (0x00007f45ac1f2000):  VMThread "VM Thread" [stack: 0x00007f4572ff4000,0x00007f45730f4000] [id=9678]

Stack: [0x00007f4572ff4000,0x00007f45730f4000],  sp=0x00007f45730f1a10,  free space=1014k
Native frames: (J=compiled Java code, A=aot compiled Java code, j=interpreted, Vv=VM code, C=native code)
V  [libjvm.so+0xd27ea4]
V  [libjvm.so+0xd28a0f]
V  [libjvm.so+0x64d328]
V  [libjvm.so+0x7a72e5]
V  [libjvm.so+0x7a73bb]
V  [libjvm.so+0x7a8c9c]
V  [libjvm.so+0x7aa813]
V  [libjvm.so+0x7abf44]
V  [libjvm.so+0x7aea0d]
V  [libjvm.so+0x7aedb9]
V  [libjvm.so+0xb1f14a]
V  [libjvm.so+0xb1f7d1]
V  [libjvm.so+0xabde16]
V  [libjvm.so+0x95085c]
V  [libjvm.so+0xd38871]
V  [libjvm.so+0xd35b3b]
V  [libjvm.so+0xd3715e]
V  [libjvm.so+0xd37588]
V  [libjvm.so+0xb33d40]

VM_Operation (0x00007f45726e39d0): GetOrSetLocal, mode: safepoint, requested by thread 0x00007f45ac2c3000


---------------  P R O C E S S  ---------------

Threads class SMR info:
_java_thread_list=0x00007f45ac373920, length=13, elements={
0x00007f45ac014800, 0x00007f45ac1fb800, 0x00007f45ac1fd800, 0x00007f45ac20e000,
0x00007f45ac210000, 0x00007f45ac212000, 0x00007f45ac214000, 0x00007f45ac216000,
0x00007f45ac2c3000, 0x00007f45ac2c7000, 0x00007f4530001800, 0x00007f45ac2da800,
0x00007f45ac372000
}

Java Threads: ( => current thread )
  0x00007f45ac014800 JavaThread "main" [_thread_blocked, id=9657, stack(0x00007f45b5498000,0x00007f45b5599000)]
  0x00007f45ac1fb800 JavaThread "Reference Handler" daemon [_thread_blocked, id=9682, stack(0x00007f4572ef1000,0x00007f4572ff2000)]
  0x00007f45ac1fd800 JavaThread "Finalizer" daemon [_thread_blocked, id=9683, stack(0x00007f4572df0000,0x00007f4572ef1000)]
  0x00007f45ac20e000 JavaThread "Signal Dispatcher" daemon [_thread_blocked, id=9688, stack(0x00007f4572cef000,0x00007f4572df0000)]
  0x00007f45ac210000 JavaThread "C2 CompilerThread0" daemon [_thread_blocked, id=9690, stack(0x00007f4572bee000,0x00007f4572cef000)]
  0x00007f45ac212000 JavaThread "C2 CompilerThread1" daemon [_thread_blocked, id=9691, stack(0x00007f4572aed000,0x00007f4572bee000)]
  0x00007f45ac214000 JavaThread "C1 CompilerThread2" daemon [_thread_blocked, id=9692, stack(0x00007f45729ec000,0x00007f4572aed000)]
  0x00007f45ac216000 JavaThread "Sweeper thread" daemon [_thread_blocked, id=9693, stack(0x00007f45728eb000,0x00007f45729ec000)]
  0x00007f45ac2c3000 JavaThread "JDWP Transport Listener: dt_socket" daemon [_thread_blocked, id=9698, stack(0x00007f45725e4000,0x00007f45726e5000)] _threads_hazard_ptr=0x00007f45ac373920
  0x00007f45ac2c7000 JavaThread "JDWP Event Helper Thread" daemon [_thread_blocked, id=9700, stack(0x00007f45724e3000,0x00007f45725e4000)]
  0x00007f4530001800 JavaThread "JDWP Command Reader" daemon [_thread_in_native, id=9701, stack(0x00007f45723e2000,0x00007f45724e3000)]
  0x00007f45ac2da800 JavaThread "Common-Cleaner" daemon [_thread_blocked, id=9702, stack(0x00007f45722e1000,0x00007f45723e2000)]
  0x00007f45ac372000 JavaThread "Service Thread" daemon [_thread_blocked, id=9703, stack(0x00007f4571db6000,0x00007f4571eb7000)]

Other Threads:
=>0x00007f45ac1f2000 VMThread "VM Thread" [stack: 0x00007f4572ff4000,0x00007f45730f4000] [id=9678]
  0x00007f45ac376000 WatcherThread [stack: 0x00007f4571cb6000,0x00007f4571db6000] [id=9704]
  0x00007f45ac02d000 GCTaskThread "GC Thread#0" [stack: 0x00007f45b07ad000,0x00007f45b08ad000] [id=9658]
  0x00007f45ac02e800 GCTaskThread "GC Thread#1" [stack: 0x00007f45b06ab000,0x00007f45b07ab000] [id=9659]
  0x00007f45ac030000 GCTaskThread "GC Thread#2" [stack: 0x00007f45b05a9000,0x00007f45b06a9000] [id=9661]
  0x00007f45ac032000 GCTaskThread "GC Thread#3" [stack: 0x00007f45b04a7000,0x00007f45b05a7000] [id=9662]
  0x00007f45ac080000 ConcurrentGCThread "G1 Main Marker" [stack: 0x00007f45921d7000,0x00007f45922d7000] [id=9664]
  0x00007f45ac082000 ConcurrentGCThread "G1 Conc#0" [stack: 0x00007f45920d5000,0x00007f45921d5000] [id=9666]
  0x00007f45ac160800 ConcurrentGCThread "G1 Refine#0" [stack: 0x00007f4573cfe000,0x00007f4573dfe000] [id=9668]
  0x00007f45ac162800 ConcurrentGCThread "G1 Refine#1" [stack: 0x00007f4573bfc000,0x00007f4573cfc000] [id=9673]
  0x00007f45ac164000 ConcurrentGCThread "G1 Refine#2" [stack: 0x00007f4573afa000,0x00007f4573bfa000] [id=9674]
  0x00007f45ac166000 ConcurrentGCThread "G1 Refine#3" [stack: 0x00007f45739f8000,0x00007f4573af8000] [id=9675]
  0x00007f45ac167800 ConcurrentGCThread "G1 Young RemSet Sampling" [stack: 0x00007f45738f6000,0x00007f45739f6000] [id=9676]

Threads with active compile tasks:

VM state:at safepoint (normal execution)

VM Mutex/Monitor currently owned by a thread:  ([mutex/lock_event])
[0x00007f45ac010df0] Threads_lock - owner thread: 0x00007f45ac1f2000

Heap address: 0x00000006c7200000, size: 3982 MB, Compressed Oops mode: Zero based, Oop shift amount: 3
Narrow klass base: 0x0000000000000000, Narrow klass shift: 3
Compressed class space size: 1073741824 Address: 0x00000007c0000000

Heap:
 garbage-first heap   total 256000K, used 4096K [0x00000006c7200000, 0x00000007c0000000)
  region size 1024K, 5 young (5120K), 0 survivors (0K)
 Metaspace       used 6704K, capacity 6873K, committed 7040K, reserved 1056768K
  class space    used 566K, capacity 628K, committed 640K, reserved 1048576K
Heap Regions: E=young(eden), S=young(survivor), O=old, HS=humongous(starts), HC=humongous(continues), CS=collection set, F=free, A=archive, TS=gc time stamp, AC=allocation context, TAMS=top-at-mark-start (previous, next)
|   0|0x00000006c7200000, 0x00000006c7200000, 0x00000006c7300000|  0%| F|  |TS  0|AC  0|TAMS 0x00000006c7200000, 0x00000006c7200000|
|   1|0x00000006c7300000, 0x00000006c7300000, 0x00000006c7400000|  0%| F|  |TS  0|AC  0|TAMS 0x00000006c7300000, 0x00000006c7300000|
|   2|0x00000006c7400000, 0x00000006c7400000, 0x00000006c7500000|  0%| F|  |TS  0|AC  0|TAMS 0x00000006c7400000, 0x00000006c7400000|
|   3|0x00000006c7500000, 0x00000006c7500000, 0x00000006c7600000|  0%| F|  |TS  0|AC  0|TAMS 0x00000006c7500000, 0x00000006c7500000|
|   4|0x00000006c7600000, 0x00000006c7600000, 0x00000006c7700000|  0%| F|  |TS  0|AC  0|TAMS 0x00000006c7600000, 0x00000006c7600000|
|   5|0x00000006c7700000, 0x00000006c7700000, 0x00000006c7800000|  0%| F|  |TS  0|AC  0|TAMS 0x00000006c7700000, 0x00000006c7700000|
|   6|0x00000006c7800000, 0x00000006c7800000, 0x00000006c7900000|  0%| F|  |TS  0|AC  0|TAMS 0x00000006c7800000, 0x00000006c7800000|
|   7|0x00000006c7900000, 0x00000006c7900000, 0x00000006c7a00000|  0%| F|  |TS  0|AC  0|TAMS 0x00000006c7900000, 0x00000006c7900000|
|   8|0x00000006c7a00000, 0x00000006c7a00000, 0x00000006c7b00000|  0%| F|  |TS  0|AC  0|TAMS 0x00000006c7a00000, 0x00000006c7a00000|
|   9|0x00000006c7b00000, 0x00000006c7b00000, 0x00000006c7c00000|  0%| F|  |TS  0|AC  0|TAMS 0x00000006c7b00000, 0x00000006c7b00000|
|  10|0x00000006c7c00000, 0x00000006c7c00000, 0x00000006c7d00000|  0%| F|  |TS  0|AC  0|TAMS 0x00000006c7c00000, 0x00000006c7c00000|
|  11|0x00000006c7d00000, 0x00000006c7d00000, 0x00000006c7e00000|  0%| F|  |TS  0|AC  0|TAMS 0x00000006c7d00000, 0x00000006c7d00000|
|  12|0x00000006c7e00000, 0x00000006c7e00000, 0x00000006c7f00000|  0%| F|  |TS  0|AC  0|TAMS 0x00000006c7e00000, 0x00000006c7e00000|
|  13|0x00000006c7f00000, 0x00000006c7f00000, 0x00000006c8000000|  0%| F|  |TS  0|AC  0|TAMS 0x00000006c7f00000, 0x00000006c7f00000|
|  14|0x00000006c8000000, 0x00000006c8000000, 0x00000006c8100000|  0%| F|  |TS  0|AC  0|TAMS 0x00000006c8000000, 0x00000006c8000000|
|  15|0x00000006c8100000, 0x00000006c8100000, 0x00000006c8200000|  0%| F|  |TS  0|AC  0|TAMS 0x00000006c8100000, 0x00000006c8100000|
|  16|0x00000006c8200000, 0x00000006c8200000, 0x00000006c8300000|  0%| F|  |TS  0|AC  0|TAMS 0x00000006c8200000, 0x00000006c8200000|
|  17|0x00000006c8300000, 0x00000006c8300000, 0x00000006c8400000|  0%| F|  |TS  0|AC  0|TAMS 0x00000006c8300000, 0x00000006c8300000|
|  18|0x00000006c8400000, 0x00000006c8400000, 0x00000006c8500000|  0%| F|  |TS  0|AC  0|TAMS 0x00000006c8400000, 0x00000006c8400000|
|  19|0x00000006c8500000, 0x00000006c8500000, 0x00000006c8600000|  0%| F|  |TS  0|AC  0|TAMS 0x00000006c8500000, 0x00000006c8500000|
|  20|0x00000006c8600000, 0x00000006c8600000, 0x00000006c8700000|  0%| F|  |TS  0|AC  0|TAMS 0x00000006c8600000, 0x00000006c8600000|
|  21|0x00000006c8700000, 0x00000006c8700000, 0x00000006c8800000|  0%| F|  |TS  0|AC  0|TAMS 0x00000006c8700000, 0x00000006c8700000|
|  22|0x00000006c8800000, 0x00000006c8800000, 0x00000006c8900000|  0%| F|  |TS  0|AC  0|TAMS 0x00000006c8800000, 0x00000006c8800000|
|  23|0x00000006c8900000, 0x00000006c8900000, 0x00000006c8a00000|  0%| F|  |TS  0|AC  0|TAMS 0x00000006c8900000, 0x00000006c8900000|
|  24|0x00000006c8a00000, 0x00000006c8a00000, 0x00000006c8b00000|  0%| F|  |TS  0|AC  0|TAMS 0x00000006c8a00000, 0x00000006c8a00000|
|  25|0x00000006c8b00000, 0x00000006c8b00000, 0x00000006c8c00000|  0%| F|  |TS  0|AC  0|TAMS 0x00000006c8b00000, 0x00000006c8b00000|
|  26|0x00000006c8c00000, 0x00000006c8c00000, 0x00000006c8d00000|  0%| F|  |TS  0|AC  0|TAMS 0x00000006c8c00000, 0x00000006c8c00000|
|  27|0x00000006c8d00000, 0x00000006c8d00000, 0x00000006c8e00000|  0%| F|  |TS  0|AC  0|TAMS 0x00000006c8d00000, 0x00000006c8d00000|
|  28|0x00000006c8e00000, 0x00000006c8e00000, 0x00000006c8f00000|  0%| F|  |TS  0|AC  0|TAMS 0x00000006c8e00000, 0x00000006c8e00000|
|  29|0x00000006c8f00000, 0x00000006c8f00000, 0x00000006c9000000|  0%| F|  |TS  0|AC  0|TAMS 0x00000006c8f00000, 0x00000006c8f00000|
|  30|0x00000006c9000000, 0x00000006c9000000, 0x00000006c9100000|  0%| F|  |TS  0|AC  0|TAMS 0x00000006c9000000, 0x00000006c9000000|
|  31|0x00000006c9100000, 0x00000006c9100000, 0x00000006c9200000|  0%| F|  |TS  0|AC  0|TAMS 0x00000006c9100000, 0x00000006c9100000|
|  32|0x00000006c9200000, 0x00000006c9200000, 0x00000006c9300000|  0%| F|  |TS  0|AC  0|TAMS 0x00000006c9200000, 0x00000006c9200000|
|  33|0x00000006c9300000, 0x00000006c9300000, 0x00000006c9400000|  0%| F|  |TS  0|AC  0|TAMS 0x00000006c9300000, 0x00000006c9300000|
|  34|0x00000006c9400000, 0x00000006c9400000, 0x00000006c9500000|  0%| F|  |TS  0|AC  0|TAMS 0x00000006c9400000, 0x00000006c9400000|
|  35|0x00000006c9500000, 0x00000006c9500000, 0x00000006c9600000|  0%| F|  |TS  0|AC  0|TAMS 0x00000006c9500000, 0x00000006c9500000|
|  36|0x00000006c9600000, 0x00000006c9600000, 0x00000006c9700000|  0%| F|  |TS  0|AC  0|TAMS 0x00000006c9600000, 0x00000006c9600000|
|  37|0x00000006c9700000, 0x00000006c9700000, 0x00000006c9800000|  0%| F|  |TS  0|AC  0|TAMS 0x00000006c9700000, 0x00000006c9700000|
|  38|0x00000006c9800000, 0x00000006c9800000, 0x00000006c9900000|  0%| F|  |TS  0|AC  0|TAMS 0x00000006c9800000, 0x00000006c9800000|
|  39|0x00000006c9900000, 0x00000006c9900000, 0x00000006c9a00000|  0%| F|  |TS  0|AC  0|TAMS 0x00000006c9900000, 0x00000006c9900000|
|  40|0x00000006c9a00000, 0x00000006c9a00000, 0x00000006c9b00000|  0%| F|  |TS  0|AC  0|TAMS 0x00000006c9a00000, 0x00000006c9a00000|
|  41|0x00000006c9b00000, 0x00000006c9b00000, 0x00000006c9c00000|  0%| F|  |TS  0|AC  0|TAMS 0x00000006c9b00000, 0x00000006c9b00000|
|  42|0x00000006c9c00000, 0x00000006c9c00000, 0x00000006c9d00000|  0%| F|  |TS  0|AC  0|TAMS 0x00000006c9c00000, 0x00000006c9c00000|
|  43|0x00000006c9d00000, 0x00000006c9d00000, 0x00000006c9e00000|  0%| F|  |TS  0|AC  0|TAMS 0x00000006c9d00000, 0x00000006c9d00000|
|  44|0x00000006c9e00000, 0x00000006c9e00000, 0x00000006c9f00000|  0%| F|  |TS  0|AC  0|TAMS 0x00000006c9e00000, 0x00000006c9e00000|
|  45|0x00000006c9f00000, 0x00000006c9f00000, 0x00000006ca000000|  0%| F|  |TS  0|AC  0|TAMS 0x00000006c9f00000, 0x00000006c9f00000|
|  46|0x00000006ca000000, 0x00000006ca000000, 0x00000006ca100000|  0%| F|  |TS  0|AC  0|TAMS 0x00000006ca000000, 0x00000006ca000000|
|  47|0x00000006ca100000, 0x00000006ca100000, 0x00000006ca200000|  0%| F|  |TS  0|AC  0|TAMS 0x00000006ca100000, 0x00000006ca100000|
|  48|0x00000006ca200000, 0x00000006ca200000, 0x00000006ca300000|  0%| F|  |TS  0|AC  0|TAMS 0x00000006ca200000, 0x00000006ca200000|
|  49|0x00000006ca300000, 0x00000006ca300000, 0x00000006ca400000|  0%| F|  |TS  0|AC  0|TAMS 0x00000006ca300000, 0x00000006ca300000|
|  50|0x00000006ca400000, 0x00000006ca400000, 0x00000006ca500000|  0%| F|  |TS  0|AC  0|TAMS 0x00000006ca400000, 0x00000006ca400000|
|  51|0x00000006ca500000, 0x00000006ca500000, 0x00000006ca600000|  0%| F|  |TS  0|AC  0|TAMS 0x00000006ca500000, 0x00000006ca500000|
|  52|0x00000006ca600000, 0x00000006ca600000, 0x00000006ca700000|  0%| F|  |TS  0|AC  0|TAMS 0x00000006ca600000, 0x00000006ca600000|
|  53|0x00000006ca700000, 0x00000006ca700000, 0x00000006ca800000|  0%| F|  |TS  0|AC  0|TAMS 0x00000006ca700000, 0x00000006ca700000|
|  54|0x00000006ca800000, 0x00000006ca800000, 0x00000006ca900000|  0%| F|  |TS  0|AC  0|TAMS 0x00000006ca800000, 0x00000006ca800000|
|  55|0x00000006ca900000, 0x00000006ca900000, 0x00000006caa00000|  0%| F|  |TS  0|AC  0|TAMS 0x00000006ca900000, 0x00000006ca900000|
|  56|0x00000006caa00000, 0x00000006caa00000, 0x00000006cab00000|  0%| F|  |TS  0|AC  0|TAMS 0x00000006caa00000, 0x00000006caa00000|
|  57|0x00000006cab00000, 0x00000006cab00000, 0x00000006cac00000|  0%| F|  |TS  0|AC  0|TAMS 0x00000006cab00000, 0x00000006cab00000|
|  58|0x00000006cac00000, 0x00000006cac00000, 0x00000006cad00000|  0%| F|  |TS  0|AC  0|TAMS 0x00000006cac00000, 0x00000006cac00000|
|  59|0x00000006cad00000, 0x00000006cad00000, 0x00000006cae00000|  0%| F|  |TS  0|AC  0|TAMS 0x00000006cad00000, 0x00000006cad00000|
|  60|0x00000006cae00000, 0x00000006cae00000, 0x00000006caf00000|  0%| F|  |TS  0|AC  0|TAMS 0x00000006cae00000, 0x00000006cae00000|
|  61|0x00000006caf00000, 0x00000006caf00000, 0x00000006cb000000|  0%| F|  |TS  0|AC  0|TAMS 0x00000006caf00000, 0x00000006caf00000|
|  62|0x00000006cb000000, 0x00000006cb000000, 0x00000006cb100000|  0%| F|  |TS  0|AC  0|TAMS 0x00000006cb000000, 0x00000006cb000000|
|  63|0x00000006cb100000, 0x00000006cb100000, 0x00000006cb200000|  0%| F|  |TS  0|AC  0|TAMS 0x00000006cb100000, 0x00000006cb100000|
|  64|0x00000006cb200000, 0x00000006cb200000, 0x00000006cb300000|  0%| F|  |TS  0|AC  0|TAMS 0x00000006cb200000, 0x00000006cb200000|
|  65|0x00000006cb300000, 0x00000006cb300000, 0x00000006cb400000|  0%| F|  |TS  0|AC  0|TAMS 0x00000006cb300000, 0x00000006cb300000|
|  66|0x00000006cb400000, 0x00000006cb400000, 0x00000006cb500000|  0%| F|  |TS  0|AC  0|TAMS 0x00000006cb400000, 0x00000006cb400000|
|  67|0x00000006cb500000, 0x00000006cb500000, 0x00000006cb600000|  0%| F|  |TS  0|AC  0|TAMS 0x00000006cb500000, 0x00000006cb500000|
|  68|0x00000006cb600000, 0x00000006cb600000, 0x00000006cb700000|  0%| F|  |TS  0|AC  0|TAMS 0x00000006cb600000, 0x00000006cb600000|
|  69|0x00000006cb700000, 0x00000006cb700000, 0x00000006cb800000|  0%| F|  |TS  0|AC  0|TAMS 0x00000006cb700000, 0x00000006cb700000|
|  70|0x00000006cb800000, 0x00000006cb800000, 0x00000006cb900000|  0%| F|  |TS  0|AC  0|TAMS 0x00000006cb800000, 0x00000006cb800000|
|  71|0x00000006cb900000, 0x00000006cb900000, 0x00000006cba00000|  0%| F|  |TS  0|AC  0|TAMS 0x00000006cb900000, 0x00000006cb900000|
|  72|0x00000006cba00000, 0x00000006cba00000, 0x00000006cbb00000|  0%| F|  |TS  0|AC  0|TAMS 0x00000006cba00000, 0x00000006cba00000|
|  73|0x00000006cbb00000, 0x00000006cbb00000, 0x00000006cbc00000|  0%| F|  |TS  0|AC  0|TAMS 0x00000006cbb00000, 0x00000006cbb00000|
|  74|0x00000006cbc00000, 0x00000006cbc00000, 0x00000006cbd00000|  0%| F|  |TS  0|AC  0|TAMS 0x00000006cbc00000, 0x00000006cbc00000|
|  75|0x00000006cbd00000, 0x00000006cbd00000, 0x00000006cbe00000|  0%| F|  |TS  0|AC  0|TAMS 0x00000006cbd00000, 0x00000006cbd00000|
|  76|0x00000006cbe00000, 0x00000006cbe00000, 0x00000006cbf00000|  0%| F|  |TS  0|AC  0|TAMS 0x00000006cbe00000, 0x00000006cbe00000|
|  77|0x00000006cbf00000, 0x00000006cbf00000, 0x00000006cc000000|  0%| F|  |TS  0|AC  0|TAMS 0x00000006cbf00000, 0x00000006cbf00000|
|  78|0x00000006cc000000, 0x00000006cc000000, 0x00000006cc100000|  0%| F|  |TS  0|AC  0|TAMS 0x00000006cc000000, 0x00000006cc000000|
|  79|0x00000006cc100000, 0x00000006cc100000, 0x00000006cc200000|  0%| F|  |TS  0|AC  0|TAMS 0x00000006cc100000, 0x00000006cc100000|
|  80|0x00000006cc200000, 0x00000006cc200000, 0x00000006cc300000|  0%| F|  |TS  0|AC  0|TAMS 0x00000006cc200000, 0x00000006cc200000|
|  81|0x00000006cc300000, 0x00000006cc300000, 0x00000006cc400000|  0%| F|  |TS  0|AC  0|TAMS 0x00000006cc300000, 0x00000006cc300000|
|  82|0x00000006cc400000, 0x00000006cc400000, 0x00000006cc500000|  0%| F|  |TS  0|AC  0|TAMS 0x00000006cc400000, 0x00000006cc400000|
|  83|0x00000006cc500000, 0x00000006cc500000, 0x00000006cc600000|  0%| F|  |TS  0|AC  0|TAMS 0x00000006cc500000, 0x00000006cc500000|
|  84|0x00000006cc600000, 0x00000006cc600000, 0x00000006cc700000|  0%| F|  |TS  0|AC  0|TAMS 0x00000006cc600000, 0x00000006cc600000|
|  85|0x00000006cc700000, 0x00000006cc700000, 0x00000006cc800000|  0%| F|  |TS  0|AC  0|TAMS 0x00000006cc700000, 0x00000006cc700000|
|  86|0x00000006cc800000, 0x00000006cc800000, 0x00000006cc900000|  0%| F|  |TS  0|AC  0|TAMS 0x00000006cc800000, 0x00000006cc800000|
|  87|0x00000006cc900000, 0x00000006cc900000, 0x00000006cca00000|  0%| F|  |TS  0|AC  0|TAMS 0x00000006cc900000, 0x00000006cc900000|
|  88|0x00000006cca00000, 0x00000006cca00000, 0x00000006ccb00000|  0%| F|  |TS  0|AC  0|TAMS 0x00000006cca00000, 0x00000006cca00000|
|  89|0x00000006ccb00000, 0x00000006ccb00000, 0x00000006ccc00000|  0%| F|  |TS  0|AC  0|TAMS 0x00000006ccb00000, 0x00000006ccb00000|
|  90|0x00000006ccc00000, 0x00000006ccc00000, 0x00000006ccd00000|  0%| F|  |TS  0|AC  0|TAMS 0x00000006ccc00000, 0x00000006ccc00000|
|  91|0x00000006ccd00000, 0x00000006ccd00000, 0x00000006cce00000|  0%| F|  |TS  0|AC  0|TAMS 0x00000006ccd00000, 0x00000006ccd00000|
|  92|0x00000006cce00000, 0x00000006cce00000, 0x00000006ccf00000|  0%| F|  |TS  0|AC  0|TAMS 0x00000006cce00000, 0x00000006cce00000|
|  93|0x00000006ccf00000, 0x00000006ccf00000, 0x00000006cd000000|  0%| F|  |TS  0|AC  0|TAMS 0x00000006ccf00000, 0x00000006ccf00000|
|  94|0x00000006cd000000, 0x00000006cd000000, 0x00000006cd100000|  0%| F|  |TS  0|AC  0|TAMS 0x00000006cd000000, 0x00000006cd000000|
|  95|0x00000006cd100000, 0x00000006cd100000, 0x00000006cd200000|  0%| F|  |TS  0|AC  0|TAMS 0x00000006cd100000, 0x00000006cd100000|
|  96|0x00000006cd200000, 0x00000006cd200000, 0x00000006cd300000|  0%| F|  |TS  0|AC  0|TAMS 0x00000006cd200000, 0x00000006cd200000|
|  97|0x00000006cd300000, 0x00000006cd300000, 0x00000006cd400000|  0%| F|  |TS  0|AC  0|TAMS 0x00000006cd300000, 0x00000006cd300000|
|  98|0x00000006cd400000, 0x00000006cd400000, 0x00000006cd500000|  0%| F|  |TS  0|AC  0|TAMS 0x00000006cd400000, 0x00000006cd400000|
|  99|0x00000006cd500000, 0x00000006cd500000, 0x00000006cd600000|  0%| F|  |TS  0|AC  0|TAMS 0x00000006cd500000, 0x00000006cd500000|
| 100|0x00000006cd600000, 0x00000006cd600000, 0x00000006cd700000|  0%| F|  |TS  0|AC  0|TAMS 0x00000006cd600000, 0x00000006cd600000|
| 101|0x00000006cd700000, 0x00000006cd700000, 0x00000006cd800000|  0%| F|  |TS  0|AC  0|TAMS 0x00000006cd700000, 0x00000006cd700000|
| 102|0x00000006cd800000, 0x00000006cd800000, 0x00000006cd900000|  0%| F|  |TS  0|AC  0|TAMS 0x00000006cd800000, 0x00000006cd800000|
| 103|0x00000006cd900000, 0x00000006cd900000, 0x00000006cda00000|  0%| F|  |TS  0|AC  0|TAMS 0x00000006cd900000, 0x00000006cd900000|
| 104|0x00000006cda00000, 0x00000006cda00000, 0x00000006cdb00000|  0%| F|  |TS  0|AC  0|TAMS 0x00000006cda00000, 0x00000006cda00000|
| 105|0x00000006cdb00000, 0x00000006cdb00000, 0x00000006cdc00000|  0%| F|  |TS  0|AC  0|TAMS 0x00000006cdb00000, 0x00000006cdb00000|
| 106|0x00000006cdc00000, 0x00000006cdc00000, 0x00000006cdd00000|  0%| F|  |TS  0|AC  0|TAMS 0x00000006cdc00000, 0x00000006cdc00000|
| 107|0x00000006cdd00000, 0x00000006cdd00000, 0x00000006cde00000|  0%| F|  |TS  0|AC  0|TAMS 0x00000006cdd00000, 0x00000006cdd00000|
| 108|0x00000006cde00000, 0x00000006cde00000, 0x00000006cdf00000|  0%| F|  |TS  0|AC  0|TAMS 0x00000006cde00000, 0x00000006cde00000|
| 109|0x00000006cdf00000, 0x00000006cdf00000, 0x00000006ce000000|  0%| F|  |TS  0|AC  0|TAMS 0x00000006cdf00000, 0x00000006cdf00000|
| 110|0x00000006ce000000, 0x00000006ce000000, 0x00000006ce100000|  0%| F|  |TS  0|AC  0|TAMS 0x00000006ce000000, 0x00000006ce000000|
| 111|0x00000006ce100000, 0x00000006ce100000, 0x00000006ce200000|  0%| F|  |TS  0|AC  0|TAMS 0x00000006ce100000, 0x00000006ce100000|
| 112|0x00000006ce200000, 0x00000006ce200000, 0x00000006ce300000|  0%| F|  |TS  0|AC  0|TAMS 0x00000006ce200000, 0x00000006ce200000|
| 113|0x00000006ce300000, 0x00000006ce300000, 0x00000006ce400000|  0%| F|  |TS  0|AC  0|TAMS 0x00000006ce300000, 0x00000006ce300000|
| 114|0x00000006ce400000, 0x00000006ce400000, 0x00000006ce500000|  0%| F|  |TS  0|AC  0|TAMS 0x00000006ce400000, 0x00000006ce400000|
| 115|0x00000006ce500000, 0x00000006ce500000, 0x00000006ce600000|  0%| F|  |TS  0|AC  0|TAMS 0x00000006ce500000, 0x00000006ce500000|
| 116|0x00000006ce600000, 0x00000006ce600000, 0x00000006ce700000|  0%| F|  |TS  0|AC  0|TAMS 0x00000006ce600000, 0x00000006ce600000|
| 117|0x00000006ce700000, 0x00000006ce700000, 0x00000006ce800000|  0%| F|  |TS  0|AC  0|TAMS 0x00000006ce700000, 0x00000006ce700000|
| 118|0x00000006ce800000, 0x00000006ce800000, 0x00000006ce900000|  0%| F|  |TS  0|AC  0|TAMS 0x00000006ce800000, 0x00000006ce800000|
| 119|0x00000006ce900000, 0x00000006ce900000, 0x00000006cea00000|  0%| F|  |TS  0|AC  0|TAMS 0x00000006ce900000, 0x00000006ce900000|
| 120|0x00000006cea00000, 0x00000006cea00000, 0x00000006ceb00000|  0%| F|  |TS  0|AC  0|TAMS 0x00000006cea00000, 0x00000006cea00000|
| 121|0x00000006ceb00000, 0x00000006ceb00000, 0x00000006cec00000|  0%| F|  |TS  0|AC  0|TAMS 0x00000006ceb00000, 0x00000006ceb00000|
| 122|0x00000006cec00000, 0x00000006cec00000, 0x00000006ced00000|  0%| F|  |TS  0|AC  0|TAMS 0x00000006cec00000, 0x00000006cec00000|
| 123|0x00000006ced00000, 0x00000006ced00000, 0x00000006cee00000|  0%| F|  |TS  0|AC  0|TAMS 0x00000006ced00000, 0x00000006ced00000|
| 124|0x00000006cee00000, 0x00000006cee00000, 0x00000006cef00000|  0%| F|  |TS  0|AC  0|TAMS 0x00000006cee00000, 0x00000006cee00000|
| 125|0x00000006cef00000, 0x00000006cef00000, 0x00000006cf000000|  0%| F|  |TS  0|AC  0|TAMS 0x00000006cef00000, 0x00000006cef00000|
| 126|0x00000006cf000000, 0x00000006cf000000, 0x00000006cf100000|  0%| F|  |TS  0|AC  0|TAMS 0x00000006cf000000, 0x00000006cf000000|
| 127|0x00000006cf100000, 0x00000006cf100000, 0x00000006cf200000|  0%| F|  |TS  0|AC  0|TAMS 0x00000006cf100000, 0x00000006cf100000|
| 128|0x00000006cf200000, 0x00000006cf200000, 0x00000006cf300000|  0%| F|  |TS  0|AC  0|TAMS 0x00000006cf200000, 0x00000006cf200000|
| 129|0x00000006cf300000, 0x00000006cf300000, 0x00000006cf400000|  0%| F|  |TS  0|AC  0|TAMS 0x00000006cf300000, 0x00000006cf300000|
| 130|0x00000006cf400000, 0x00000006cf400000, 0x00000006cf500000|  0%| F|  |TS  0|AC  0|TAMS 0x00000006cf400000, 0x00000006cf400000|
| 131|0x00000006cf500000, 0x00000006cf500000, 0x00000006cf600000|  0%| F|  |TS  0|AC  0|TAMS 0x00000006cf500000, 0x00000006cf500000|
| 132|0x00000006cf600000, 0x00000006cf600000, 0x00000006cf700000|  0%| F|  |TS  0|AC  0|TAMS 0x00000006cf600000, 0x00000006cf600000|
| 133|0x00000006cf700000, 0x00000006cf700000, 0x00000006cf800000|  0%| F|  |TS  0|AC  0|TAMS 0x00000006cf700000, 0x00000006cf700000|
| 134|0x00000006cf800000, 0x00000006cf800000, 0x00000006cf900000|  0%| F|  |TS  0|AC  0|TAMS 0x00000006cf800000, 0x00000006cf800000|
| 135|0x00000006cf900000, 0x00000006cf900000, 0x00000006cfa00000|  0%| F|  |TS  0|AC  0|TAMS 0x00000006cf900000, 0x00000006cf900000|
| 136|0x00000006cfa00000, 0x00000006cfa00000, 0x00000006cfb00000|  0%| F|  |TS  0|AC  0|TAMS 0x00000006cfa00000, 0x00000006cfa00000|
| 137|0x00000006cfb00000, 0x00000006cfb00000, 0x00000006cfc00000|  0%| F|  |TS  0|AC  0|TAMS 0x00000006cfb00000, 0x00000006cfb00000|
| 138|0x00000006cfc00000, 0x00000006cfc00000, 0x00000006cfd00000|  0%| F|  |TS  0|AC  0|TAMS 0x00000006cfc00000, 0x00000006cfc00000|
| 139|0x00000006cfd00000, 0x00000006cfd00000, 0x00000006cfe00000|  0%| F|  |TS  0|AC  0|TAMS 0x00000006cfd00000, 0x00000006cfd00000|
| 140|0x00000006cfe00000, 0x00000006cfe00000, 0x00000006cff00000|  0%| F|  |TS  0|AC  0|TAMS 0x00000006cfe00000, 0x00000006cfe00000|
| 141|0x00000006cff00000, 0x00000006cff00000, 0x00000006d0000000|  0%| F|  |TS  0|AC  0|TAMS 0x00000006cff00000, 0x00000006cff00000|
| 142|0x00000006d0000000, 0x00000006d0000000, 0x00000006d0100000|  0%| F|  |TS  0|AC  0|TAMS 0x00000006d0000000, 0x00000006d0000000|
| 143|0x00000006d0100000, 0x00000006d0100000, 0x00000006d0200000|  0%| F|  |TS  0|AC  0|TAMS 0x00000006d0100000, 0x00000006d0100000|
| 144|0x00000006d0200000, 0x00000006d0200000, 0x00000006d0300000|  0%| F|  |TS  0|AC  0|TAMS 0x00000006d0200000, 0x00000006d0200000|
| 145|0x00000006d0300000, 0x00000006d0300000, 0x00000006d0400000|  0%| F|  |TS  0|AC  0|TAMS 0x00000006d0300000, 0x00000006d0300000|
| 146|0x00000006d0400000, 0x00000006d0400000, 0x00000006d0500000|  0%| F|  |TS  0|AC  0|TAMS 0x00000006d0400000, 0x00000006d0400000|
| 147|0x00000006d0500000, 0x00000006d0500000, 0x00000006d0600000|  0%| F|  |TS  0|AC  0|TAMS 0x00000006d0500000, 0x00000006d0500000|
| 148|0x00000006d0600000, 0x00000006d0600000, 0x00000006d0700000|  0%| F|  |TS  0|AC  0|TAMS 0x00000006d0600000, 0x00000006d0600000|
| 149|0x00000006d0700000, 0x00000006d0700000, 0x00000006d0800000|  0%| F|  |TS  0|AC  0|TAMS 0x00000006d0700000, 0x00000006d0700000|
| 150|0x00000006d0800000, 0x00000006d0800000, 0x00000006d0900000|  0%| F|  |TS  0|AC  0|TAMS 0x00000006d0800000, 0x00000006d0800000|
| 151|0x00000006d0900000, 0x00000006d0900000, 0x00000006d0a00000|  0%| F|  |TS  0|AC  0|TAMS 0x00000006d0900000, 0x00000006d0900000|
| 152|0x00000006d0a00000, 0x00000006d0a00000, 0x00000006d0b00000|  0%| F|  |TS  0|AC  0|TAMS 0x00000006d0a00000, 0x00000006d0a00000|
| 153|0x00000006d0b00000, 0x00000006d0b00000, 0x00000006d0c00000|  0%| F|  |TS  0|AC  0|TAMS 0x00000006d0b00000, 0x00000006d0b00000|
| 154|0x00000006d0c00000, 0x00000006d0c00000, 0x00000006d0d00000|  0%| F|  |TS  0|AC  0|TAMS 0x00000006d0c00000, 0x00000006d0c00000|
| 155|0x00000006d0d00000, 0x00000006d0d00000, 0x00000006d0e00000|  0%| F|  |TS  0|AC  0|TAMS 0x00000006d0d00000, 0x00000006d0d00000|
| 156|0x00000006d0e00000, 0x00000006d0e00000, 0x00000006d0f00000|  0%| F|  |TS  0|AC  0|TAMS 0x00000006d0e00000, 0x00000006d0e00000|
| 157|0x00000006d0f00000, 0x00000006d0f00000, 0x00000006d1000000|  0%| F|  |TS  0|AC  0|TAMS 0x00000006d0f00000, 0x00000006d0f00000|
| 158|0x00000006d1000000, 0x00000006d1000000, 0x00000006d1100000|  0%| F|  |TS  0|AC  0|TAMS 0x00000006d1000000, 0x00000006d1000000|
| 159|0x00000006d1100000, 0x00000006d1100000, 0x00000006d1200000|  0%| F|  |TS  0|AC  0|TAMS 0x00000006d1100000, 0x00000006d1100000|
| 160|0x00000006d1200000, 0x00000006d1200000, 0x00000006d1300000|  0%| F|  |TS  0|AC  0|TAMS 0x00000006d1200000, 0x00000006d1200000|
| 161|0x00000006d1300000, 0x00000006d1300000, 0x00000006d1400000|  0%| F|  |TS  0|AC  0|TAMS 0x00000006d1300000, 0x00000006d1300000|
| 162|0x00000006d1400000, 0x00000006d1400000, 0x00000006d1500000|  0%| F|  |TS  0|AC  0|TAMS 0x00000006d1400000, 0x00000006d1400000|
| 163|0x00000006d1500000, 0x00000006d1500000, 0x00000006d1600000|  0%| F|  |TS  0|AC  0|TAMS 0x00000006d1500000, 0x00000006d1500000|
| 164|0x00000006d1600000, 0x00000006d1600000, 0x00000006d1700000|  0%| F|  |TS  0|AC  0|TAMS 0x00000006d1600000, 0x00000006d1600000|
| 165|0x00000006d1700000, 0x00000006d1700000, 0x00000006d1800000|  0%| F|  |TS  0|AC  0|TAMS 0x00000006d1700000, 0x00000006d1700000|
| 166|0x00000006d1800000, 0x00000006d1800000, 0x00000006d1900000|  0%| F|  |TS  0|AC  0|TAMS 0x00000006d1800000, 0x00000006d1800000|
| 167|0x00000006d1900000, 0x00000006d1900000, 0x00000006d1a00000|  0%| F|  |TS  0|AC  0|TAMS 0x00000006d1900000, 0x00000006d1900000|
| 168|0x00000006d1a00000, 0x00000006d1a00000, 0x00000006d1b00000|  0%| F|  |TS  0|AC  0|TAMS 0x00000006d1a00000, 0x00000006d1a00000|
| 169|0x00000006d1b00000, 0x00000006d1b00000, 0x00000006d1c00000|  0%| F|  |TS  0|AC  0|TAMS 0x00000006d1b00000, 0x00000006d1b00000|
| 170|0x00000006d1c00000, 0x00000006d1c00000, 0x00000006d1d00000|  0%| F|  |TS  0|AC  0|TAMS 0x00000006d1c00000, 0x00000006d1c00000|
| 171|0x00000006d1d00000, 0x00000006d1d00000, 0x00000006d1e00000|  0%| F|  |TS  0|AC  0|TAMS 0x00000006d1d00000, 0x00000006d1d00000|
| 172|0x00000006d1e00000, 0x00000006d1e00000, 0x00000006d1f00000|  0%| F|  |TS  0|AC  0|TAMS 0x00000006d1e00000, 0x00000006d1e00000|
| 173|0x00000006d1f00000, 0x00000006d1f00000, 0x00000006d2000000|  0%| F|  |TS  0|AC  0|TAMS 0x00000006d1f00000, 0x00000006d1f00000|
| 174|0x00000006d2000000, 0x00000006d2000000, 0x00000006d2100000|  0%| F|  |TS  0|AC  0|TAMS 0x00000006d2000000, 0x00000006d2000000|
| 175|0x00000006d2100000, 0x00000006d2100000, 0x00000006d2200000|  0%| F|  |TS  0|AC  0|TAMS 0x00000006d2100000, 0x00000006d2100000|
| 176|0x00000006d2200000, 0x00000006d2200000, 0x00000006d2300000|  0%| F|  |TS  0|AC  0|TAMS 0x00000006d2200000, 0x00000006d2200000|
| 177|0x00000006d2300000, 0x00000006d2300000, 0x00000006d2400000|  0%| F|  |TS  0|AC  0|TAMS 0x00000006d2300000, 0x00000006d2300000|
| 178|0x00000006d2400000, 0x00000006d2400000, 0x00000006d2500000|  0%| F|  |TS  0|AC  0|TAMS 0x00000006d2400000, 0x00000006d2400000|
| 179|0x00000006d2500000, 0x00000006d2500000, 0x00000006d2600000|  0%| F|  |TS  0|AC  0|TAMS 0x00000006d2500000, 0x00000006d2500000|
| 180|0x00000006d2600000, 0x00000006d2600000, 0x00000006d2700000|  0%| F|  |TS  0|AC  0|TAMS 0x00000006d2600000, 0x00000006d2600000|
| 181|0x00000006d2700000, 0x00000006d2700000, 0x00000006d2800000|  0%| F|  |TS  0|AC  0|TAMS 0x00000006d2700000, 0x00000006d2700000|
| 182|0x00000006d2800000, 0x00000006d2800000, 0x00000006d2900000|  0%| F|  |TS  0|AC  0|TAMS 0x00000006d2800000, 0x00000006d2800000|
| 183|0x00000006d2900000, 0x00000006d2900000, 0x00000006d2a00000|  0%| F|  |TS  0|AC  0|TAMS 0x00000006d2900000, 0x00000006d2900000|
| 184|0x00000006d2a00000, 0x00000006d2a00000, 0x00000006d2b00000|  0%| F|  |TS  0|AC  0|TAMS 0x00000006d2a00000, 0x00000006d2a00000|
| 185|0x00000006d2b00000, 0x00000006d2b00000, 0x00000006d2c00000|  0%| F|  |TS  0|AC  0|TAMS 0x00000006d2b00000, 0x00000006d2b00000|
| 186|0x00000006d2c00000, 0x00000006d2c00000, 0x00000006d2d00000|  0%| F|  |TS  0|AC  0|TAMS 0x00000006d2c00000, 0x00000006d2c00000|
| 187|0x00000006d2d00000, 0x00000006d2d00000, 0x00000006d2e00000|  0%| F|  |TS  0|AC  0|TAMS 0x00000006d2d00000, 0x00000006d2d00000|
| 188|0x00000006d2e00000, 0x00000006d2e00000, 0x00000006d2f00000|  0%| F|  |TS  0|AC  0|TAMS 0x00000006d2e00000, 0x00000006d2e00000|
| 189|0x00000006d2f00000, 0x00000006d2f00000, 0x00000006d3000000|  0%| F|  |TS  0|AC  0|TAMS 0x00000006d2f00000, 0x00000006d2f00000|
| 190|0x00000006d3000000, 0x00000006d3000000, 0x00000006d3100000|  0%| F|  |TS  0|AC  0|TAMS 0x00000006d3000000, 0x00000006d3000000|
| 191|0x00000006d3100000, 0x00000006d3100000, 0x00000006d3200000|  0%| F|  |TS  0|AC  0|TAMS 0x00000006d3100000, 0x00000006d3100000|
| 192|0x00000006d3200000, 0x00000006d3200000, 0x00000006d3300000|  0%| F|  |TS  0|AC  0|TAMS 0x00000006d3200000, 0x00000006d3200000|
| 193|0x00000006d3300000, 0x00000006d3300000, 0x00000006d3400000|  0%| F|  |TS  0|AC  0|TAMS 0x00000006d3300000, 0x00000006d3300000|
| 194|0x00000006d3400000, 0x00000006d3400000, 0x00000006d3500000|  0%| F|  |TS  0|AC  0|TAMS 0x00000006d3400000, 0x00000006d3400000|
| 195|0x00000006d3500000, 0x00000006d3500000, 0x00000006d3600000|  0%| F|  |TS  0|AC  0|TAMS 0x00000006d3500000, 0x00000006d3500000|
| 196|0x00000006d3600000, 0x00000006d3600000, 0x00000006d3700000|  0%| F|  |TS  0|AC  0|TAMS 0x00000006d3600000, 0x00000006d3600000|
| 197|0x00000006d3700000, 0x00000006d3700000, 0x00000006d3800000|  0%| F|  |TS  0|AC  0|TAMS 0x00000006d3700000, 0x00000006d3700000|
| 198|0x00000006d3800000, 0x00000006d3800000, 0x00000006d3900000|  0%| F|  |TS  0|AC  0|TAMS 0x00000006d3800000, 0x00000006d3800000|
| 199|0x00000006d3900000, 0x00000006d3900000, 0x00000006d3a00000|  0%| F|  |TS  0|AC  0|TAMS 0x00000006d3900000, 0x00000006d3900000|
| 200|0x00000006d3a00000, 0x00000006d3a00000, 0x00000006d3b00000|  0%| F|  |TS  0|AC  0|TAMS 0x00000006d3a00000, 0x00000006d3a00000|
| 201|0x00000006d3b00000, 0x00000006d3b00000, 0x00000006d3c00000|  0%| F|  |TS  0|AC  0|TAMS 0x00000006d3b00000, 0x00000006d3b00000|
| 202|0x00000006d3c00000, 0x00000006d3c00000, 0x00000006d3d00000|  0%| F|  |TS  0|AC  0|TAMS 0x00000006d3c00000, 0x00000006d3c00000|
| 203|0x00000006d3d00000, 0x00000006d3d00000, 0x00000006d3e00000|  0%| F|  |TS  0|AC  0|TAMS 0x00000006d3d00000, 0x00000006d3d00000|
| 204|0x00000006d3e00000, 0x00000006d3e00000, 0x00000006d3f00000|  0%| F|  |TS  0|AC  0|TAMS 0x00000006d3e00000, 0x00000006d3e00000|
| 205|0x00000006d3f00000, 0x00000006d3f00000, 0x00000006d4000000|  0%| F|  |TS  0|AC  0|TAMS 0x00000006d3f00000, 0x00000006d3f00000|
| 206|0x00000006d4000000, 0x00000006d4000000, 0x00000006d4100000|  0%| F|  |TS  0|AC  0|TAMS 0x00000006d4000000, 0x00000006d4000000|
| 207|0x00000006d4100000, 0x00000006d4100000, 0x00000006d4200000|  0%| F|  |TS  0|AC  0|TAMS 0x00000006d4100000, 0x00000006d4100000|
| 208|0x00000006d4200000, 0x00000006d4200000, 0x00000006d4300000|  0%| F|  |TS  0|AC  0|TAMS 0x00000006d4200000, 0x00000006d4200000|
| 209|0x00000006d4300000, 0x00000006d4300000, 0x00000006d4400000|  0%| F|  |TS  0|AC  0|TAMS 0x00000006d4300000, 0x00000006d4300000|
| 210|0x00000006d4400000, 0x00000006d4400000, 0x00000006d4500000|  0%| F|  |TS  0|AC  0|TAMS 0x00000006d4400000, 0x00000006d4400000|
| 211|0x00000006d4500000, 0x00000006d4500000, 0x00000006d4600000|  0%| F|  |TS  0|AC  0|TAMS 0x00000006d4500000, 0x00000006d4500000|
| 212|0x00000006d4600000, 0x00000006d4600000, 0x00000006d4700000|  0%| F|  |TS  0|AC  0|TAMS 0x00000006d4600000, 0x00000006d4600000|
| 213|0x00000006d4700000, 0x00000006d4700000, 0x00000006d4800000|  0%| F|  |TS  0|AC  0|TAMS 0x00000006d4700000, 0x00000006d4700000|
| 214|0x00000006d4800000, 0x00000006d4800000, 0x00000006d4900000|  0%| F|  |TS  0|AC  0|TAMS 0x00000006d4800000, 0x00000006d4800000|
| 215|0x00000006d4900000, 0x00000006d4900000, 0x00000006d4a00000|  0%| F|  |TS  0|AC  0|TAMS 0x00000006d4900000, 0x00000006d4900000|
| 216|0x00000006d4a00000, 0x00000006d4a00000, 0x00000006d4b00000|  0%| F|  |TS  0|AC  0|TAMS 0x00000006d4a00000, 0x00000006d4a00000|
| 217|0x00000006d4b00000, 0x00000006d4b00000, 0x00000006d4c00000|  0%| F|  |TS  0|AC  0|TAMS 0x00000006d4b00000, 0x00000006d4b00000|
| 218|0x00000006d4c00000, 0x00000006d4c00000, 0x00000006d4d00000|  0%| F|  |TS  0|AC  0|TAMS 0x00000006d4c00000, 0x00000006d4c00000|
| 219|0x00000006d4d00000, 0x00000006d4d00000, 0x00000006d4e00000|  0%| F|  |TS  0|AC  0|TAMS 0x00000006d4d00000, 0x00000006d4d00000|
| 220|0x00000006d4e00000, 0x00000006d4e00000, 0x00000006d4f00000|  0%| F|  |TS  0|AC  0|TAMS 0x00000006d4e00000, 0x00000006d4e00000|
| 221|0x00000006d4f00000, 0x00000006d4f00000, 0x00000006d5000000|  0%| F|  |TS  0|AC  0|TAMS 0x00000006d4f00000, 0x00000006d4f00000|
| 222|0x00000006d5000000, 0x00000006d5000000, 0x00000006d5100000|  0%| F|  |TS  0|AC  0|TAMS 0x00000006d5000000, 0x00000006d5000000|
| 223|0x00000006d5100000, 0x00000006d5100000, 0x00000006d5200000|  0%| F|  |TS  0|AC  0|TAMS 0x00000006d5100000, 0x00000006d5100000|
| 224|0x00000006d5200000, 0x00000006d5200000, 0x00000006d5300000|  0%| F|  |TS  0|AC  0|TAMS 0x00000006d5200000, 0x00000006d5200000|
| 225|0x00000006d5300000, 0x00000006d5300000, 0x00000006d5400000|  0%| F|  |TS  0|AC  0|TAMS 0x00000006d5300000, 0x00000006d5300000|
| 226|0x00000006d5400000, 0x00000006d5400000, 0x00000006d5500000|  0%| F|  |TS  0|AC  0|TAMS 0x00000006d5400000, 0x00000006d5400000|
| 227|0x00000006d5500000, 0x00000006d5500000, 0x00000006d5600000|  0%| F|  |TS  0|AC  0|TAMS 0x00000006d5500000, 0x00000006d5500000|
| 228|0x00000006d5600000, 0x00000006d5600000, 0x00000006d5700000|  0%| F|  |TS  0|AC  0|TAMS 0x00000006d5600000, 0x00000006d5600000|
| 229|0x00000006d5700000, 0x00000006d5700000, 0x00000006d5800000|  0%| F|  |TS  0|AC  0|TAMS 0x00000006d5700000, 0x00000006d5700000|
| 230|0x00000006d5800000, 0x00000006d5800000, 0x00000006d5900000|  0%| F|  |TS  0|AC  0|TAMS 0x00000006d5800000, 0x00000006d5800000|
| 231|0x00000006d5900000, 0x00000006d5900000, 0x00000006d5a00000|  0%| F|  |TS  0|AC  0|TAMS 0x00000006d5900000, 0x00000006d5900000|
| 232|0x00000006d5a00000, 0x00000006d5a00000, 0x00000006d5b00000|  0%| F|  |TS  0|AC  0|TAMS 0x00000006d5a00000, 0x00000006d5a00000|
| 233|0x00000006d5b00000, 0x00000006d5b00000, 0x00000006d5c00000|  0%| F|  |TS  0|AC  0|TAMS 0x00000006d5b00000, 0x00000006d5b00000|
| 234|0x00000006d5c00000, 0x00000006d5c00000, 0x00000006d5d00000|  0%| F|  |TS  0|AC  0|TAMS 0x00000006d5c00000, 0x00000006d5c00000|
| 235|0x00000006d5d00000, 0x00000006d5d00000, 0x00000006d5e00000|  0%| F|  |TS  0|AC  0|TAMS 0x00000006d5d00000, 0x00000006d5d00000|
| 236|0x00000006d5e00000, 0x00000006d5e00000, 0x00000006d5f00000|  0%| F|  |TS  0|AC  0|TAMS 0x00000006d5e00000, 0x00000006d5e00000|
| 237|0x00000006d5f00000, 0x00000006d5f00000, 0x00000006d6000000|  0%| F|  |TS  0|AC  0|TAMS 0x00000006d5f00000, 0x00000006d5f00000|
| 238|0x00000006d6000000, 0x00000006d6000000, 0x00000006d6100000|  0%| F|  |TS  0|AC  0|TAMS 0x00000006d6000000, 0x00000006d6000000|
| 239|0x00000006d6100000, 0x00000006d6100000, 0x00000006d6200000|  0%| F|  |TS  0|AC  0|TAMS 0x00000006d6100000, 0x00000006d6100000|
| 240|0x00000006d6200000, 0x00000006d6200000, 0x00000006d6300000|  0%| F|  |TS  0|AC  0|TAMS 0x00000006d6200000, 0x00000006d6200000|
| 241|0x00000006d6300000, 0x00000006d6300000, 0x00000006d6400000|  0%| F|  |TS  0|AC  0|TAMS 0x00000006d6300000, 0x00000006d6300000|
| 242|0x00000006d6400000, 0x00000006d6400000, 0x00000006d6500000|  0%| F|  |TS  0|AC  0|TAMS 0x00000006d6400000, 0x00000006d6400000|
| 243|0x00000006d6500000, 0x00000006d6500000, 0x00000006d6600000|  0%| F|  |TS  0|AC  0|TAMS 0x00000006d6500000, 0x00000006d6500000|
| 244|0x00000006d6600000, 0x00000006d6600000, 0x00000006d6700000|  0%| F|  |TS  0|AC  0|TAMS 0x00000006d6600000, 0x00000006d6600000|
| 245|0x00000006d6700000, 0x00000006d67d7d18, 0x00000006d6800000| 84%| E|  |TS  0|AC  0|TAMS 0x00000006d6700000, 0x00000006d6700000|
| 246|0x00000006d6800000, 0x00000006d6900000, 0x00000006d6900000|100%| E|CS|TS  0|AC  0|TAMS 0x00000006d6800000, 0x00000006d6800000|
| 247|0x00000006d6900000, 0x00000006d6a00000, 0x00000006d6a00000|100%| E|CS|TS  0|AC  0|TAMS 0x00000006d6900000, 0x00000006d6900000|
| 248|0x00000006d6a00000, 0x00000006d6b00000, 0x00000006d6b00000|100%| E|CS|TS  0|AC  0|TAMS 0x00000006d6a00000, 0x00000006d6a00000|
| 249|0x00000006d6b00000, 0x00000006d6c00000, 0x00000006d6c00000|100%| E|CS|TS  0|AC  0|TAMS 0x00000006d6b00000, 0x00000006d6b00000|

Card table byte_map: [0x00007f4592b97000,0x00007f459335e000] byte_map_base: 0x00007f458f55e000

Marking Bits (Prev, Next): (CMBitMap*) 0x00007f45ac07f410, (CMBitMap*) 0x00007f45ac07f448
 Prev Bits: [0x00007f45801c8000, 0x00007f4584000000)
 Next Bits: [0x00007f45781c8000, 0x00007f457c000000)

Polling page: 0x00007f45b55b6000

CodeHeap 'non-profiled nmethods': size=120032Kb used=90Kb max_used=90Kb free=119941Kb
 bounds [0x00007f459b5ed000, 0x00007f459b85d000, 0x00007f45a2b25000]
CodeHeap 'profiled nmethods': size=120032Kb used=224Kb max_used=224Kb free=119807Kb
 bounds [0x00007f45940b5000, 0x00007f4594325000, 0x00007f459b5ed000]
CodeHeap 'non-nmethods': size=5696Kb used=1100Kb max_used=1100Kb free=4595Kb
 bounds [0x00007f4593b25000, 0x00007f4593d95000, 0x00007f45940b5000]
 total_blobs=645 nmethods=239 adapters=249
 compilation: enabled

Compilation events (10 events):
Event: 0.258 Thread 0x00007f45ac214000  179       3       java.lang.CharacterDataLatin1::toLowerCase (39 bytes)
Event: 0.258 Thread 0x00007f45ac214000 nmethod 179 0x00007f45940ebe10 code [0x00007f45940ebfe0, 0x00007f45940ec270]
Event: 831.362 Thread 0x00007f45ac214000  237       3       java.util.Collections::emptyList (4 bytes)
Event: 831.362 Thread 0x00007f45ac214000 nmethod 237 0x00007f45940ec390 code [0x00007f45940ec540, 0x00007f45940ec670]
Event: 831.362 Thread 0x00007f45ac214000  238       1       java.util.Collections$EmptyList::isEmpty (2 bytes)
Event: 831.362 Thread 0x00007f45ac214000 nmethod 238 0x00007f459b603710 code [0x00007f459b6038c0, 0x00007f459b6039d0]
Event: 1153.081 Thread 0x00007f45ac214000  239       3       com.intellij.rt.debugger.agent.CaptureAgent::access$200 (5 bytes)
Event: 1153.082 Thread 0x00007f45ac214000 nmethod 239 0x00007f45940ec710 code [0x00007f45940ec8e0, 0x00007f45940ecb30]
Event: 1153.082 Thread 0x00007f45ac214000  240       3       com.intellij.rt.debugger.agent.CaptureAgent::getNotNull (12 bytes)
Event: 1153.082 Thread 0x00007f45ac214000 nmethod 240 0x00007f45940ecc10 code [0x00007f45940ecdc0, 0x00007f45940ecfb0]

GC Heap History (0 events):
No events

Deoptimization events (2 events):
Event: 0.154 Thread 0x00007f45ac014800 Uncommon trap: reason=unstable_if action=reinterpret pc=0x00007f459b5f5834 method=java.util.HashMap.putVal(ILjava/lang/Object;Ljava/lang/Object;ZZ)Ljava/lang/Object; @ 69 c2
Event: 0.187 Thread 0x00007f45ac014800 Uncommon trap: reason=unstable_if action=reinterpret pc=0x00007f459b5f2284 method=java.lang.String.hashCode()I @ 14 c2

Classes redefined (10 events):
Event: 3196.846 Thread 0x00007f45ac1f2000 redefined class name=ru.ifmo.uml.Main, count=4
Event: 3339.498 Thread 0x00007f45ac1f2000 redefined class name=ru.ifmo.uml.Main, count=5
Event: 3632.209 Thread 0x00007f45ac1f2000 redefined class name=ru.ifmo.uml.Main, count=6
Event: 3674.316 Thread 0x00007f45ac1f2000 redefined class name=ru.ifmo.uml.dao.sqlite.MsSqlAccountsDao, count=6
Event: 3695.854 Thread 0x00007f45ac1f2000 redefined class name=ru.ifmo.uml.Main, count=7
Event: 3708.630 Thread 0x00007f45ac1f2000 redefined class name=ru.ifmo.uml.Main, count=8
Event: 3741.474 Thread 0x00007f45ac1f2000 redefined class name=ru.ifmo.uml.Main, count=9
Event: 3901.310 Thread 0x00007f45ac1f2000 redefined class name=ru.ifmo.uml.Main, count=10
Event: 4076.312 Thread 0x00007f45ac1f2000 redefined class name=ru.ifmo.uml.Main, count=11
Event: 4107.371 Thread 0x00007f45ac1f2000 redefined class name=ru.ifmo.uml.Main, count=12

Internal exceptions (0 events):
No events

Events (10 events):
Event: 4107.372 Executing VM operation: RedefineClasses done
Event: 4107.372 Executing VM operation: GetFrameCount
Event: 4107.372 Executing VM operation: GetFrameCount done
Event: 4107.372 Executing VM operation: GetFrameCount
Event: 4107.372 Executing VM operation: GetFrameCount done
Event: 4107.372 Executing VM operation: GetFrameLocation
Event: 4107.372 Executing VM operation: GetFrameLocation done
Event: 4107.396 Executing VM operation: ChangeBreakpoints
Event: 4107.397 Executing VM operation: ChangeBreakpoints done
Event: 4107.503 Executing VM operation: GetOrSetLocal


Dynamic libraries:
6c7200000-6d6c00000 rw-p 00000000 00:00 0 
6d6c00000-7c0000000 ---p 00000000 00:00 0 
7c0000000-7c00a0000 rw-p 00000000 00:00 0 
7c00a0000-800000000 ---p 00000000 00:00 0 
564b991cc000-564b991cd000 r-xp 00000000 103:02 23200055                  /usr/lib/jvm/java-11-openjdk-amd64/bin/java
564b993cd000-564b993ce000 r--p 00001000 103:02 23200055                  /usr/lib/jvm/java-11-openjdk-amd64/bin/java
564b993ce000-564b993cf000 rw-p 00002000 103:02 23200055                  /usr/lib/jvm/java-11-openjdk-amd64/bin/java
564b9a323000-564b9a344000 rw-p 00000000 00:00 0                          [heap]
7f4520000000-7f4520021000 rw-p 00000000 00:00 0 
7f4520021000-7f4524000000 ---p 00000000 00:00 0 
7f4524000000-7f4524021000 rw-p 00000000 00:00 0 
7f4524021000-7f4528000000 ---p 00000000 00:00 0 
7f4528000000-7f4528021000 rw-p 00000000 00:00 0 
7f4528021000-7f452c000000 ---p 00000000 00:00 0 
7f452c000000-7f452c021000 rw-p 00000000 00:00 0 
7f452c021000-7f4530000000 ---p 00000000 00:00 0 
7f4530000000-7f4530021000 rw-p 00000000 00:00 0 
7f4530021000-7f4534000000 ---p 00000000 00:00 0 
7f4534000000-7f4534021000 rw-p 00000000 00:00 0 
7f4534021000-7f4538000000 ---p 00000000 00:00 0 
7f4538000000-7f4538090000 rw-p 00000000 00:00 0 
7f4538090000-7f453c000000 ---p 00000000 00:00 0 
7f453c000000-7f453c021000 rw-p 00000000 00:00 0 
7f453c021000-7f4540000000 ---p 00000000 00:00 0 
7f4540000000-7f45401b4000 rw-p 00000000 00:00 0 
7f45401b4000-7f4544000000 ---p 00000000 00:00 0 
7f4544000000-7f4544088000 rw-p 00000000 00:00 0 
7f4544088000-7f4548000000 ---p 00000000 00:00 0 
7f4548000000-7f4548021000 rw-p 00000000 00:00 0 
7f4548021000-7f454c000000 ---p 00000000 00:00 0 
7f454c000000-7f454c021000 rw-p 00000000 00:00 0 
7f454c021000-7f4550000000 ---p 00000000 00:00 0 
7f4550000000-7f4550021000 rw-p 00000000 00:00 0 
7f4550021000-7f4554000000 ---p 00000000 00:00 0 
7f4554000000-7f4554021000 rw-p 00000000 00:00 0 
7f4554021000-7f4558000000 ---p 00000000 00:00 0 
7f4558000000-7f4558021000 rw-p 00000000 00:00 0 
7f4558021000-7f455c000000 ---p 00000000 00:00 0 
7f455c000000-7f455c021000 rw-p 00000000 00:00 0 
7f455c021000-7f4560000000 ---p 00000000 00:00 0 
7f4560000000-7f4560021000 rw-p 00000000 00:00 0 
7f4560021000-7f4564000000 ---p 00000000 00:00 0 
7f4564000000-7f4564021000 rw-p 00000000 00:00 0 
7f4564021000-7f4568000000 ---p 00000000 00:00 0 
7f4568000000-7f4568021000 rw-p 00000000 00:00 0 
7f4568021000-7f456c000000 ---p 00000000 00:00 0 
7f456c000000-7f456c021000 rw-p 00000000 00:00 0 
7f456c021000-7f4570000000 ---p 00000000 00:00 0 
7f4571cb4000-7f4571cb5000 ---p 00000000 00:00 0 
7f4571cb5000-7f4571db6000 rw-p 00000000 00:00 0 
7f4571db6000-7f4571dba000 ---p 00000000 00:00 0 
7f4571dba000-7f4571eb7000 rw-p 00000000 00:00 0 
7f4571eb7000-7f4571ece000 r-xp 00000000 103:02 23201667                  /usr/lib/jvm/java-11-openjdk-amd64/lib/libnet.so
7f4571ece000-7f45720cd000 ---p 00017000 103:02 23201667                  /usr/lib/jvm/java-11-openjdk-amd64/lib/libnet.so
7f45720cd000-7f45720ce000 r--p 00016000 103:02 23201667                  /usr/lib/jvm/java-11-openjdk-amd64/lib/libnet.so
7f45720ce000-7f45720cf000 rw-p 00017000 103:02 23201667                  /usr/lib/jvm/java-11-openjdk-amd64/lib/libnet.so
7f45720cf000-7f45720e0000 r-xp 00000000 103:02 23201668                  /usr/lib/jvm/java-11-openjdk-amd64/lib/libnio.so
7f45720e0000-7f45722df000 ---p 00011000 103:02 23201668                  /usr/lib/jvm/java-11-openjdk-amd64/lib/libnio.so
7f45722df000-7f45722e0000 r--p 00010000 103:02 23201668                  /usr/lib/jvm/java-11-openjdk-amd64/lib/libnio.so
7f45722e0000-7f45722e1000 rw-p 00011000 103:02 23201668                  /usr/lib/jvm/java-11-openjdk-amd64/lib/libnio.so
7f45722e1000-7f45722e5000 ---p 00000000 00:00 0 
7f45722e5000-7f45723e2000 rw-p 00000000 00:00 0 
7f45723e2000-7f45723e6000 ---p 00000000 00:00 0 
7f45723e6000-7f45724e3000 rw-p 00000000 00:00 0 
7f45724e3000-7f45724e7000 ---p 00000000 00:00 0 
7f45724e7000-7f45725e4000 rw-p 00000000 00:00 0 
7f45725e4000-7f45725e8000 ---p 00000000 00:00 0 
7f45725e8000-7f45726e5000 rw-p 00000000 00:00 0 
7f45726e5000-7f45726ea000 r-xp 00000000 103:02 23201646                  /usr/lib/jvm/java-11-openjdk-amd64/lib/libdt_socket.so
7f45726ea000-7f45728e9000 ---p 00005000 103:02 23201646                  /usr/lib/jvm/java-11-openjdk-amd64/lib/libdt_socket.so
7f45728e9000-7f45728ea000 r--p 00004000 103:02 23201646                  /usr/lib/jvm/java-11-openjdk-amd64/lib/libdt_socket.so
7f45728ea000-7f45728eb000 rw-p 00005000 103:02 23201646                  /usr/lib/jvm/java-11-openjdk-amd64/lib/libdt_socket.so
7f45728eb000-7f45728ef000 ---p 00000000 00:00 0 
7f45728ef000-7f45729ec000 rw-p 00000000 00:00 0 
7f45729ec000-7f45729f0000 ---p 00000000 00:00 0 
7f45729f0000-7f4572aed000 rw-p 00000000 00:00 0 
7f4572aed000-7f4572af1000 ---p 00000000 00:00 0 
7f4572af1000-7f4572bee000 rw-p 00000000 00:00 0 
7f4572bee000-7f4572bf2000 ---p 00000000 00:00 0 
7f4572bf2000-7f4572cef000 rw-p 00000000 00:00 0 
7f4572cef000-7f4572cf3000 ---p 00000000 00:00 0 
7f4572cf3000-7f4572df0000 rw-p 00000000 00:00 0 
7f4572df0000-7f4572df4000 ---p 00000000 00:00 0 
7f4572df4000-7f4572ef1000 rw-p 00000000 00:00 0 
7f4572ef1000-7f4572ef5000 ---p 00000000 00:00 0 
7f4572ef5000-7f4572ff2000 rw-p 00000000 00:00 0 
7f4572ff2000-7f4572ff3000 ---p 00000000 00:00 0 
7f4572ff3000-7f4573734000 rw-p 00000000 00:00 0 
7f4573734000-7f45738f4000 ---p 00000000 00:00 0 
7f45738f4000-7f45738f5000 ---p 00000000 00:00 0 
7f45738f5000-7f45739f6000 rw-p 00000000 00:00 0 
7f45739f6000-7f45739f7000 ---p 00000000 00:00 0 
7f45739f7000-7f4573af8000 rw-p 00000000 00:00 0 
7f4573af8000-7f4573af9000 ---p 00000000 00:00 0 
7f4573af9000-7f4573bfa000 rw-p 00000000 00:00 0 
7f4573bfa000-7f4573bfb000 ---p 00000000 00:00 0 
7f4573bfb000-7f4573cfc000 rw-p 00000000 00:00 0 
7f4573cfc000-7f4573cfd000 ---p 00000000 00:00 0 
7f4573cfd000-7f4574000000 rw-p 00000000 00:00 0 
7f4574000000-7f4574021000 rw-p 00000000 00:00 0 
7f4574021000-7f4578000000 ---p 00000000 00:00 0 
7f45780c7000-7f45785b0000 rw-p 00000000 00:00 0 
7f45785b0000-7f457c000000 ---p 00000000 00:00 0 
7f457c000000-7f457c021000 rw-p 00000000 00:00 0 
7f457c021000-7f4580000000 ---p 00000000 00:00 0 
7f45800c7000-7f45805b0000 rw-p 00000000 00:00 0 
7f45805b0000-7f4584000000 ---p 00000000 00:00 0 
7f4584000000-7f4584021000 rw-p 00000000 00:00 0 
7f4584021000-7f4588000000 ---p 00000000 00:00 0 
7f4588000000-7f4588021000 rw-p 00000000 00:00 0 
7f4588021000-7f458c000000 ---p 00000000 00:00 0 
7f458c000000-7f458c021000 rw-p 00000000 00:00 0 
7f458c021000-7f4590000000 ---p 00000000 00:00 0 
7f459005d000-7f45920d3000 rw-p 00000000 00:00 0 
7f45920d3000-7f45920d4000 ---p 00000000 00:00 0 
7f45920d4000-7f45921d5000 rw-p 00000000 00:00 0 
7f45921d5000-7f45921d6000 ---p 00000000 00:00 0 
7f45921d6000-7f459244d000 rw-p 00000000 00:00 0 
7f459244d000-7f4592b97000 ---p 00000000 00:00 0 
7f4592b97000-7f4592c14000 rw-p 00000000 00:00 0 
7f4592c14000-7f459335e000 ---p 00000000 00:00 0 
7f459335e000-7f45933db000 rw-p 00000000 00:00 0 
7f45933db000-7f4593b25000 ---p 00000000 00:00 0 
7f4593b25000-7f4593d95000 rwxp 00000000 00:00 0 
7f4593d95000-7f45940b5000 ---p 00000000 00:00 0 
7f45940b5000-7f4594325000 rwxp 00000000 00:00 0 
7f4594325000-7f459b5ed000 ---p 00000000 00:00 0 
7f459b5ed000-7f459b85d000 rwxp 00000000 00:00 0 
7f459b85d000-7f45a2b25000 ---p 00000000 00:00 0 
7f45a2b25000-7f45ac000000 r--s 00000000 103:02 23201678                  /usr/lib/jvm/java-11-openjdk-amd64/lib/modules
7f45ac000000-7f45ac3c7000 rw-p 00000000 00:00 0 
7f45ac3c7000-7f45b0000000 ---p 00000000 00:00 0 
7f45b0046000-7f45b04a5000 rw-p 00000000 00:00 0 
7f45b04a5000-7f45b04a6000 ---p 00000000 00:00 0 
7f45b04a6000-7f45b05a7000 rw-p 00000000 00:00 0 
7f45b05a7000-7f45b05a8000 ---p 00000000 00:00 0 
7f45b05a8000-7f45b06a9000 rw-p 00000000 00:00 0 
7f45b06a9000-7f45b06aa000 ---p 00000000 00:00 0 
7f45b06aa000-7f45b07ab000 rw-p 00000000 00:00 0 
7f45b07ab000-7f45b07ac000 ---p 00000000 00:00 0 
7f45b07ac000-7f45b08b2000 rw-p 00000000 00:00 0 
7f45b08b2000-7f45b0998000 ---p 00000000 00:00 0 
7f45b0998000-7f45b099d000 rw-p 00000000 00:00 0 
7f45b099d000-7f45b0a83000 ---p 00000000 00:00 0 
7f45b0a83000-7f45b0a88000 r-xp 00000000 103:02 23201658                  /usr/lib/jvm/java-11-openjdk-amd64/lib/libjimage.so
7f45b0a88000-7f45b0c87000 ---p 00005000 103:02 23201658                  /usr/lib/jvm/java-11-openjdk-amd64/lib/libjimage.so
7f45b0c87000-7f45b0c88000 r--p 00004000 103:02 23201658                  /usr/lib/jvm/java-11-openjdk-amd64/lib/libjimage.so
7f45b0c88000-7f45b0c89000 rw-p 00005000 103:02 23201658                  /usr/lib/jvm/java-11-openjdk-amd64/lib/libjimage.so
7f45b0c89000-7f45b0c90000 r-xp 00000000 103:02 23201677                  /usr/lib/jvm/java-11-openjdk-amd64/lib/libzip.so
7f45b0c90000-7f45b0e8f000 ---p 00007000 103:02 23201677                  /usr/lib/jvm/java-11-openjdk-amd64/lib/libzip.so
7f45b0e8f000-7f45b0e90000 r--p 00006000 103:02 23201677                  /usr/lib/jvm/java-11-openjdk-amd64/lib/libzip.so
7f45b0e90000-7f45b0e91000 rw-p 00007000 103:02 23201677                  /usr/lib/jvm/java-11-openjdk-amd64/lib/libzip.so
7f45b0e91000-7f45b0e9c000 r-xp 00000000 103:02 28054166                  /lib/x86_64-linux-gnu/libnss_files-2.27.so
7f45b0e9c000-7f45b109b000 ---p 0000b000 103:02 28054166                  /lib/x86_64-linux-gnu/libnss_files-2.27.so
7f45b109b000-7f45b109c000 r--p 0000a000 103:02 28054166                  /lib/x86_64-linux-gnu/libnss_files-2.27.so
7f45b109c000-7f45b109d000 rw-p 0000b000 103:02 28054166                  /lib/x86_64-linux-gnu/libnss_files-2.27.so
7f45b109d000-7f45b10a3000 rw-p 00000000 00:00 0 
7f45b10a3000-7f45b10ba000 r-xp 00000000 103:02 28054160                  /lib/x86_64-linux-gnu/libnsl-2.27.so
7f45b10ba000-7f45b12b9000 ---p 00017000 103:02 28054160                  /lib/x86_64-linux-gnu/libnsl-2.27.so
7f45b12b9000-7f45b12ba000 r--p 00016000 103:02 28054160                  /lib/x86_64-linux-gnu/libnsl-2.27.so
7f45b12ba000-7f45b12bb000 rw-p 00017000 103:02 28054160                  /lib/x86_64-linux-gnu/libnsl-2.27.so
7f45b12bb000-7f45b12bd000 rw-p 00000000 00:00 0 
7f45b12bd000-7f45b12c8000 r-xp 00000000 103:02 28054177                  /lib/x86_64-linux-gnu/libnss_nis-2.27.so
7f45b12c8000-7f45b14c7000 ---p 0000b000 103:02 28054177                  /lib/x86_64-linux-gnu/libnss_nis-2.27.so
7f45b14c7000-7f45b14c8000 r--p 0000a000 103:02 28054177                  /lib/x86_64-linux-gnu/libnss_nis-2.27.so
7f45b14c8000-7f45b14c9000 rw-p 0000b000 103:02 28054177                  /lib/x86_64-linux-gnu/libnss_nis-2.27.so
7f45b14c9000-7f45b14d1000 r-xp 00000000 103:02 28054162                  /lib/x86_64-linux-gnu/libnss_compat-2.27.so
7f45b14d1000-7f45b16d1000 ---p 00008000 103:02 28054162                  /lib/x86_64-linux-gnu/libnss_compat-2.27.so
7f45b16d1000-7f45b16d2000 r--p 00008000 103:02 28054162                  /lib/x86_64-linux-gnu/libnss_compat-2.27.so
7f45b16d2000-7f45b16d3000 rw-p 00009000 103:02 28054162                  /lib/x86_64-linux-gnu/libnss_compat-2.27.so
7f45b16d3000-7f45b20a3000 r--p 00000000 103:02 21109359                  /usr/lib/locale/locale-archive
7f45b20a3000-7f45b20ad000 r-xp 00000000 103:02 23201649                  /usr/lib/jvm/java-11-openjdk-amd64/lib/libinstrument.so
7f45b20ad000-7f45b22ac000 ---p 0000a000 103:02 23201649                  /usr/lib/jvm/java-11-openjdk-amd64/lib/libinstrument.so
7f45b22ac000-7f45b22ad000 r--p 00009000 103:02 23201649                  /usr/lib/jvm/java-11-openjdk-amd64/lib/libinstrument.so
7f45b22ad000-7f45b22ae000 rw-p 0000a000 103:02 23201649                  /usr/lib/jvm/java-11-openjdk-amd64/lib/libinstrument.so
7f45b22ae000-7f45b22eb000 r-xp 00000000 103:02 23201657                  /usr/lib/jvm/java-11-openjdk-amd64/lib/libjdwp.so
7f45b22eb000-7f45b24ea000 ---p 0003d000 103:02 23201657                  /usr/lib/jvm/java-11-openjdk-amd64/lib/libjdwp.so
7f45b24ea000-7f45b24eb000 r--p 0003c000 103:02 23201657                  /usr/lib/jvm/java-11-openjdk-amd64/lib/libjdwp.so
7f45b24eb000-7f45b24ec000 rw-p 0003d000 103:02 23201657                  /usr/lib/jvm/java-11-openjdk-amd64/lib/libjdwp.so
7f45b24ec000-7f45b2518000 r-xp 00000000 103:02 23201654                  /usr/lib/jvm/java-11-openjdk-amd64/lib/libjava.so
7f45b2518000-7f45b2717000 ---p 0002c000 103:02 23201654                  /usr/lib/jvm/java-11-openjdk-amd64/lib/libjava.so
7f45b2717000-7f45b2718000 r--p 0002b000 103:02 23201654                  /usr/lib/jvm/java-11-openjdk-amd64/lib/libjava.so
7f45b2718000-7f45b271a000 rw-p 0002c000 103:02 23201654                  /usr/lib/jvm/java-11-openjdk-amd64/lib/libjava.so
7f45b271a000-7f45b2727000 r-xp 00000000 103:02 23201676                  /usr/lib/jvm/java-11-openjdk-amd64/lib/libverify.so
7f45b2727000-7f45b2926000 ---p 0000d000 103:02 23201676                  /usr/lib/jvm/java-11-openjdk-amd64/lib/libverify.so
7f45b2926000-7f45b2928000 r--p 0000c000 103:02 23201676                  /usr/lib/jvm/java-11-openjdk-amd64/lib/libverify.so
7f45b2928000-7f45b2929000 rw-p 0000e000 103:02 23201676                  /usr/lib/jvm/java-11-openjdk-amd64/lib/libverify.so
7f45b2929000-7f45b2930000 r-xp 00000000 103:02 28054217                  /lib/x86_64-linux-gnu/librt-2.27.so
7f45b2930000-7f45b2b2f000 ---p 00007000 103:02 28054217                  /lib/x86_64-linux-gnu/librt-2.27.so
7f45b2b2f000-7f45b2b30000 r--p 00006000 103:02 28054217                  /lib/x86_64-linux-gnu/librt-2.27.so
7f45b2b30000-7f45b2b31000 rw-p 00007000 103:02 28054217                  /lib/x86_64-linux-gnu/librt-2.27.so
7f45b2b31000-7f45b2b48000 r-xp 00000000 103:02 28051373                  /lib/x86_64-linux-gnu/libgcc_s.so.1
7f45b2b48000-7f45b2d47000 ---p 00017000 103:02 28051373                  /lib/x86_64-linux-gnu/libgcc_s.so.1
7f45b2d47000-7f45b2d48000 r--p 00016000 103:02 28051373                  /lib/x86_64-linux-gnu/libgcc_s.so.1
7f45b2d48000-7f45b2d49000 rw-p 00017000 103:02 28051373                  /lib/x86_64-linux-gnu/libgcc_s.so.1
7f45b2d49000-7f45b2ee6000 r-xp 00000000 103:02 28054139                  /lib/x86_64-linux-gnu/libm-2.27.so
7f45b2ee6000-7f45b30e5000 ---p 0019d000 103:02 28054139                  /lib/x86_64-linux-gnu/libm-2.27.so
7f45b30e5000-7f45b30e6000 r--p 0019c000 103:02 28054139                  /lib/x86_64-linux-gnu/libm-2.27.so
7f45b30e6000-7f45b30e7000 rw-p 0019d000 103:02 28054139                  /lib/x86_64-linux-gnu/libm-2.27.so
7f45b30e7000-7f45b3260000 r-xp 00000000 103:02 21109863                  /usr/lib/x86_64-linux-gnu/libstdc++.so.6.0.25
7f45b3260000-7f45b3460000 ---p 00179000 103:02 21109863                  /usr/lib/x86_64-linux-gnu/libstdc++.so.6.0.25
7f45b3460000-7f45b346a000 r--p 00179000 103:02 21109863                  /usr/lib/x86_64-linux-gnu/libstdc++.so.6.0.25
7f45b346a000-7f45b346c000 rw-p 00183000 103:02 21109863                  /usr/lib/x86_64-linux-gnu/libstdc++.so.6.0.25
7f45b346c000-7f45b3470000 rw-p 00000000 00:00 0 
7f45b3470000-7f45b440d000 r-xp 00000000 103:02 23201681                  /usr/lib/jvm/java-11-openjdk-amd64/lib/server/libjvm.so
7f45b440d000-7f45b460d000 ---p 00f9d000 103:02 23201681                  /usr/lib/jvm/java-11-openjdk-amd64/lib/server/libjvm.so
7f45b460d000-7f45b46d1000 r--p 00f9d000 103:02 23201681                  /usr/lib/jvm/java-11-openjdk-amd64/lib/server/libjvm.so
7f45b46d1000-7f45b4709000 rw-p 01061000 103:02 23201681                  /usr/lib/jvm/java-11-openjdk-amd64/lib/server/libjvm.so
7f45b4709000-7f45b4752000 rw-p 00000000 00:00 0 
7f45b4752000-7f45b476c000 r-xp 00000000 103:02 28054209                  /lib/x86_64-linux-gnu/libpthread-2.27.so
7f45b476c000-7f45b496b000 ---p 0001a000 103:02 28054209                  /lib/x86_64-linux-gnu/libpthread-2.27.so
7f45b496b000-7f45b496c000 r--p 00019000 103:02 28054209                  /lib/x86_64-linux-gnu/libpthread-2.27.so
7f45b496c000-7f45b496d000 rw-p 0001a000 103:02 28054209                  /lib/x86_64-linux-gnu/libpthread-2.27.so
7f45b496d000-7f45b4971000 rw-p 00000000 00:00 0 
7f45b4971000-7f45b4974000 r-xp 00000000 103:02 28054099                  /lib/x86_64-linux-gnu/libdl-2.27.so
7f45b4974000-7f45b4b73000 ---p 00003000 103:02 28054099                  /lib/x86_64-linux-gnu/libdl-2.27.so
7f45b4b73000-7f45b4b74000 r--p 00002000 103:02 28054099                  /lib/x86_64-linux-gnu/libdl-2.27.so
7f45b4b74000-7f45b4b75000 rw-p 00003000 103:02 28054099                  /lib/x86_64-linux-gnu/libdl-2.27.so
7f45b4b75000-7f45b4b91000 r-xp 00000000 103:02 28054248                  /lib/x86_64-linux-gnu/libz.so.1.2.11
7f45b4b91000-7f45b4d90000 ---p 0001c000 103:02 28054248                  /lib/x86_64-linux-gnu/libz.so.1.2.11
7f45b4d90000-7f45b4d91000 r--p 0001b000 103:02 28054248                  /lib/x86_64-linux-gnu/libz.so.1.2.11
7f45b4d91000-7f45b4d92000 rw-p 0001c000 103:02 28054248                  /lib/x86_64-linux-gnu/libz.so.1.2.11
7f45b4d92000-7f45b4f79000 r-xp 00000000 103:02 28054076                  /lib/x86_64-linux-gnu/libc-2.27.so
7f45b4f79000-7f45b5179000 ---p 001e7000 103:02 28054076                  /lib/x86_64-linux-gnu/libc-2.27.so
7f45b5179000-7f45b517d000 r--p 001e7000 103:02 28054076                  /lib/x86_64-linux-gnu/libc-2.27.so
7f45b517d000-7f45b517f000 rw-p 001eb000 103:02 28054076                  /lib/x86_64-linux-gnu/libc-2.27.so
7f45b517f000-7f45b5183000 rw-p 00000000 00:00 0 
7f45b5183000-7f45b5192000 r-xp 00000000 103:02 23201639                  /usr/lib/jvm/java-11-openjdk-amd64/lib/jli/libjli.so
7f45b5192000-7f45b5391000 ---p 0000f000 103:02 23201639                  /usr/lib/jvm/java-11-openjdk-amd64/lib/jli/libjli.so
7f45b5391000-7f45b5392000 r--p 0000e000 103:02 23201639                  /usr/lib/jvm/java-11-openjdk-amd64/lib/jli/libjli.so
7f45b5392000-7f45b5393000 rw-p 0000f000 103:02 23201639                  /usr/lib/jvm/java-11-openjdk-amd64/lib/jli/libjli.so
7f45b5393000-7f45b53ba000 r-xp 00000000 103:02 28054048                  /lib/x86_64-linux-gnu/ld-2.27.so
7f45b540c000-7f45b5413000 r--s 00000000 103:02 21367965                  /usr/lib/x86_64-linux-gnu/gconv/gconv-modules.cache
7f45b5413000-7f45b5498000 rw-p 00000000 00:00 0 
7f45b5498000-7f45b549c000 ---p 00000000 00:00 0 
7f45b549c000-7f45b559b000 rw-p 00000000 00:00 0 
7f45b559f000-7f45b55a5000 rw-p 00000000 00:00 0 
7f45b55a5000-7f45b55ac000 ---p 00000000 00:00 0 
7f45b55ac000-7f45b55ae000 r--s 00001000 103:02 29231524                  /home/gleb/Downloads/idea-IC-182.4323.46/lib/rt/debugger-agent-storage.jar
7f45b55ae000-7f45b55b6000 rw-s 00000000 103:02 6292288                   /tmp/hsperfdata_gleb/9654
7f45b55b6000-7f45b55b7000 ---p 00000000 00:00 0 
7f45b55b7000-7f45b55b8000 r--p 00000000 00:00 0 
7f45b55b8000-7f45b55ba000 rw-p 00000000 00:00 0 
7f45b55ba000-7f45b55bb000 r--p 00027000 103:02 28054048                  /lib/x86_64-linux-gnu/ld-2.27.so
7f45b55bb000-7f45b55bc000 rw-p 00028000 103:02 28054048                  /lib/x86_64-linux-gnu/ld-2.27.so
7f45b55bc000-7f45b55bd000 rw-p 00000000 00:00 0 
7ffd3b386000-7ffd3b3a7000 rw-p 00000000 00:00 0                          [stack]
7ffd3b3d4000-7ffd3b3d7000 r--p 00000000 00:00 0                          [vvar]
7ffd3b3d7000-7ffd3b3d9000 r-xp 00000000 00:00 0                          [vdso]
ffffffffff600000-ffffffffff601000 r-xp 00000000 00:00 0                  [vsyscall]


VM Arguments:
jvm_args: -agentlib:jdwp=transport=dt_socket,address=127.0.0.1:41935,suspend=y,server=n -javaagent:/home/gleb/Downloads/idea-IC-182.4323.46/lib/rt/debugger-agent.jar=file:/tmp/capture.props -Dfile.encoding=UTF-8 
java_command: ru.ifmo.uml.Main
java_class_path (initial): /home/gleb/IdeaProjects/uml/out/production/uml:/home/gleb/Downloads/idea-IC-182.4323.46/plugins/Kotlin/kotlinc/lib/kotlin-stdlib.jar:/home/gleb/Downloads/idea-IC-182.4323.46/plugins/Kotlin/kotlinc/lib/kotlin-reflect.jar:/home/gleb/Downloads/idea-IC-182.4323.46/plugins/Kotlin/kotlinc/lib/kotlin-test.jar:/home/gleb/Downloads/idea-IC-182.4323.46/plugins/Kotlin/kotlinc/lib/kotlin-stdlib-jdk7.jar:/home/gleb/Downloads/idea-IC-182.4323.46/plugins/Kotlin/kotlinc/lib/kotlin-stdlib-jdk8.jar:/home/gleb/Downloads/idea-IC-182.4323.46/lib/idea_rt.jar
Launcher Type: SUN_STANDARD

Logging:
Log output configuration:
#0: stdout all=warning uptime,level,tags
#1: stderr all=off uptime,level,tags

Environment Variables:
JAVA_HOME=/usr/lib/jvm/java-8-oracle
PATH=/usr/local/sbin:/usr/local/bin:/usr/sbin:/usr/bin:/sbin:/bin:/usr/games:/usr/local/games:/snap/bin:/usr/lib/jvm/java-8-oracle/bin:/usr/lib/jvm/java-8-oracle/db/bin:/usr/lib/jvm/java-8-oracle/jre/bin
USERNAME=gleb
SHELL=/bin/bash
DISPLAY=:0

Signal Handlers:
SIGSEGV: [libjvm.so+0xd28b70], sa_mask[0]=11111111011111111101111111111110, sa_flags=SA_RESTART|SA_SIGINFO
SIGBUS: [libjvm.so+0xd28b70], sa_mask[0]=11111111011111111101111111111110, sa_flags=SA_RESTART|SA_SIGINFO
SIGFPE: [libjvm.so+0xd28b70], sa_mask[0]=11111111011111111101111111111110, sa_flags=SA_RESTART|SA_SIGINFO
SIGPIPE: [libjvm.so+0xb2a1f0], sa_mask[0]=11111111011111111101111111111110, sa_flags=SA_RESTART|SA_SIGINFO
SIGXFSZ: [libjvm.so+0xb2a1f0], sa_mask[0]=11111111011111111101111111111110, sa_flags=SA_RESTART|SA_SIGINFO
SIGILL: [libjvm.so+0xd28b70], sa_mask[0]=11111111011111111101111111111110, sa_flags=SA_RESTART|SA_SIGINFO
SIGUSR2: [libjvm.so+0xb2a030], sa_mask[0]=00100000000000000000000000000000, sa_flags=SA_RESTART|SA_SIGINFO
SIGHUP: [libjvm.so+0xb2a180], sa_mask[0]=11111111011111111101111111111110, sa_flags=SA_RESTART|SA_SIGINFO
SIGINT: [libjvm.so+0xb2a180], sa_mask[0]=11111111011111111101111111111110, sa_flags=SA_RESTART|SA_SIGINFO
SIGTERM: [libjvm.so+0xb2a180], sa_mask[0]=11111111011111111101111111111110, sa_flags=SA_RESTART|SA_SIGINFO
SIGQUIT: [libjvm.so+0xb2a180], sa_mask[0]=11111111011111111101111111111110, sa_flags=SA_RESTART|SA_SIGINFO


---------------  S Y S T E M  ---------------

OS:DISTRIB_ID=Ubuntu
DISTRIB_RELEASE=18.04
DISTRIB_CODENAME=bionic
DISTRIB_DESCRIPTION="Ubuntu 18.04.1 LTS"
uname:Linux 4.15.0-46-generic #49-Ubuntu SMP Wed Feb 6 09:33:07 UTC 2019 x86_64
libc:glibc 2.27 NPTL 2.27 
rlimit: STACK 8192k, CORE 0k, NPROC 62911, NOFILE 1048576, AS infinity, DATA infinity, FSIZE infinity
load average:1.23 1.00 0.81

/proc/meminfo:
MemTotal:       16304732 kB
MemFree:        10305472 kB
MemAvailable:   12163232 kB
Buffers:          133780 kB
Cached:          2333600 kB
SwapCached:            0 kB
Active:          4019924 kB
Inactive:        1584892 kB
Active(anon):    3139360 kB
Inactive(anon):   424484 kB
Active(file):     880564 kB
Inactive(file):  1160408 kB
Unevictable:         188 kB
Mlocked:             188 kB
SwapTotal:       2097148 kB
SwapFree:        2097148 kB
Dirty:              8292 kB
Writeback:             0 kB
AnonPages:       3137816 kB
Mapped:           551568 kB
Shmem:            426412 kB
Slab:             218036 kB
SReclaimable:     151388 kB
SUnreclaim:        66648 kB
KernelStack:       15520 kB
PageTables:        65312 kB
NFS_Unstable:          0 kB
Bounce:                0 kB
WritebackTmp:          0 kB
CommitLimit:    10249512 kB
Committed_AS:   11574060 kB
VmallocTotal:   34359738367 kB
VmallocUsed:           0 kB
VmallocChunk:          0 kB
HardwareCorrupted:     0 kB
AnonHugePages:         0 kB
ShmemHugePages:        0 kB
ShmemPmdMapped:        0 kB
CmaTotal:              0 kB
CmaFree:               0 kB
HugePages_Total:       0
HugePages_Free:        0
HugePages_Rsvd:        0
HugePages_Surp:        0
Hugepagesize:       2048 kB
DirectMap4k:      241616 kB
DirectMap2M:     6977536 kB
DirectMap1G:    10485760 kB

container (cgroup) information:
container_type: cgroupv1
cpu_cpuset_cpus: 0-3
cpu_memory_nodes: 0
active_processor_count: 4
cpu_quota: -1
cpu_period: 100000
cpu_shares: -1
memory_limit_in_bytes: -1
memory_and_swap_limit_in_bytes: -2
memory_soft_limit_in_bytes: -1
memory_usage_in_bytes: 5740249088
memory_max_usage_in_bytes: 0


CPU:total 4 (initial active 4) (2 cores per cpu, 2 threads per core) family 6 model 142 stepping 9, cmov, cx8, fxsr, mmx, sse, sse2, sse3, ssse3, sse4.1, sse4.2, popcnt, avx, avx2, aes, clmul, erms, 3dnowpref, lzcnt, ht, tsc, tscinvbit, bmi1, bmi2, adx, fma
CPU Model and flags from /proc/cpuinfo:
model name	: Intel(R) Core(TM) i7-7500U CPU @ 2.70GHz
flags		: fpu vme de pse tsc msr pae mce cx8 apic sep mtrr pge mca cmov pat pse36 clflush dts acpi mmx fxsr sse sse2 ss ht tm pbe syscall nx pdpe1gb rdtscp lm constant_tsc art arch_perfmon pebs bts rep_good nopl xtopology nonstop_tsc cpuid aperfmperf tsc_known_freq pni pclmulqdq dtes64 monitor ds_cpl vmx est tm2 ssse3 sdbg fma cx16 xtpr pdcm pcid sse4_1 sse4_2 x2apic movbe popcnt aes xsave avx f16c rdrand lahf_lm abm 3dnowprefetch cpuid_fault epb invpcid_single pti tpr_shadow vnmi flexpriority ept vpid fsgsbase tsc_adjust bmi1 avx2 smep bmi2 erms invpcid mpx rdseed adx smap clflushopt intel_pt xsaveopt xsavec xgetbv1 xsaves dtherm ida arat pln pts hwp hwp_notify hwp_act_window hwp_epp

Memory: 4k page, physical 16304732k(10305488k free), swap 2097148k(2097148k free)

vm_info: OpenJDK 64-Bit Server VM (10.0.2+13-Ubuntu-1ubuntu0.18.04.4) for linux-amd64 JRE (10.0.2+13-Ubuntu-1ubuntu0.18.04.4), built on Nov 13 2018 12:53:39 by "buildd" with gcc 7.3.0

END.
