#
# A fatal error has been detected by the Java Runtime Environment:
#
#  Internal Error (generateOopMap.cpp:2162), pid=9961, tid=9988
#  fatal error: Illegal class file encountered. Try running with -Xverify:all in method main
#
# JRE version: OpenJDK Runtime Environment (10.0.2+13) (build 10.0.2+13-Ubuntu-1ubuntu0.18.04.4)
# Java VM: OpenJDK 64-Bit Server VM (10.0.2+13-Ubuntu-1ubuntu0.18.04.4, mixed mode, tiered, compressed oops, g1 gc, linux-amd64)
# Core dump will be written. Default location: Core dumps may be processed with "/usr/share/apport/apport %p %s %c %d %P" (or dumping to /home/gleb/IdeaProjects/uml/core.9961)
#
# If you would like to submit a bug report, please visit:
#   http://bugreport.java.com/bugreport/crash.jsp
#

---------------  S U M M A R Y ------------

Command Line: -agentlib:jdwp=transport=dt_socket,address=127.0.0.1:46879,suspend=y,server=n -javaagent:/home/gleb/Downloads/idea-IC-182.4323.46/lib/rt/debugger-agent.jar=file:/tmp/capture.props -Dfile.encoding=UTF-8 ru.ifmo.uml.Main

Host: Intel(R) Core(TM) i7-7500U CPU @ 2.70GHz, 4 cores, 15G, Ubuntu 18.04.1 LTS
Time: Wed May  1 08:11:32 2019 +03 elapsed time: 3818 seconds (0d 1h 3m 38s)

---------------  T H R E A D  ---------------

Current thread (0x00007f965c1f2000):  VMThread "VM Thread" [stack: 0x00007f96210f5000,0x00007f96211f5000] [id=9988]

Stack: [0x00007f96210f5000,0x00007f96211f5000],  sp=0x00007f96211f2a10,  free space=1014k
Native frames: (J=compiled Java code, A=aot compiled Java code, j=interpreted, Vv=VM code, C=native code)
V  [libjvm.so+0xd27ea4]
V  [libjvm.so+0xd28a0f]
V  [libjvm.so+0x64d328]
V  [libjvm.so+0x7a72e5]
V  [libjvm.so+0x7a73bb]
V  [libjvm.so+0x7a8c9c]
V  [libjvm.so+0x7aa813]
V  [libjvm.so+0x7abf44]
V  [libjvm.so+0x7aea0d]
V  [libjvm.so+0x7aedb9]
V  [libjvm.so+0xb1f14a]
V  [libjvm.so+0xb1f7d1]
V  [libjvm.so+0xabde16]
V  [libjvm.so+0x95085c]
V  [libjvm.so+0xd38871]
V  [libjvm.so+0xd35b3b]
V  [libjvm.so+0xd3715e]
V  [libjvm.so+0xd37588]
V  [libjvm.so+0xb33d40]

VM_Operation (0x00007f96207e49d0): GetOrSetLocal, mode: safepoint, requested by thread 0x00007f965c29a800


---------------  P R O C E S S  ---------------

Threads class SMR info:
_java_thread_list=0x00007f965c34aea0, length=13, elements={
0x00007f965c014800, 0x00007f965c1fb800, 0x00007f965c1fd800, 0x00007f965c20e000,
0x00007f965c210000, 0x00007f965c212000, 0x00007f965c214000, 0x00007f965c216000,
0x00007f965c29a800, 0x00007f965c29e800, 0x00007f95e0001800, 0x00007f965c2b1800,
0x00007f965c349800
}

Java Threads: ( => current thread )
  0x00007f965c014800 JavaThread "main" [_thread_blocked, id=9964, stack(0x00007f9663540000,0x00007f9663641000)]
  0x00007f965c1fb800 JavaThread "Reference Handler" daemon [_thread_blocked, id=9990, stack(0x00007f9620ff2000,0x00007f96210f3000)]
  0x00007f965c1fd800 JavaThread "Finalizer" daemon [_thread_blocked, id=9991, stack(0x00007f9620ef1000,0x00007f9620ff2000)]
  0x00007f965c20e000 JavaThread "Signal Dispatcher" daemon [_thread_blocked, id=9993, stack(0x00007f9620df0000,0x00007f9620ef1000)]
  0x00007f965c210000 JavaThread "C2 CompilerThread0" daemon [_thread_blocked, id=9995, stack(0x00007f9620cef000,0x00007f9620df0000)]
  0x00007f965c212000 JavaThread "C2 CompilerThread1" daemon [_thread_blocked, id=9996, stack(0x00007f9620bee000,0x00007f9620cef000)]
  0x00007f965c214000 JavaThread "C1 CompilerThread2" daemon [_thread_blocked, id=9997, stack(0x00007f9620aed000,0x00007f9620bee000)]
  0x00007f965c216000 JavaThread "Sweeper thread" daemon [_thread_blocked, id=9998, stack(0x00007f96209ec000,0x00007f9620aed000)]
  0x00007f965c29a800 JavaThread "JDWP Transport Listener: dt_socket" daemon [_thread_blocked, id=9999, stack(0x00007f96206e5000,0x00007f96207e6000)] _threads_hazard_ptr=0x00007f965c34aea0
  0x00007f965c29e800 JavaThread "JDWP Event Helper Thread" daemon [_thread_blocked, id=10002, stack(0x00007f96205e4000,0x00007f96206e5000)]
  0x00007f95e0001800 JavaThread "JDWP Command Reader" daemon [_thread_in_native, id=10003, stack(0x00007f96204e3000,0x00007f96205e4000)]
  0x00007f965c2b1800 JavaThread "Common-Cleaner" daemon [_thread_blocked, id=10004, stack(0x00007f96203e2000,0x00007f96204e3000)]
  0x00007f965c349800 JavaThread "Service Thread" daemon [_thread_blocked, id=10005, stack(0x00007f96200cf000,0x00007f96201d0000)]

Other Threads:
=>0x00007f965c1f2000 VMThread "VM Thread" [stack: 0x00007f96210f5000,0x00007f96211f5000] [id=9988]
  0x00007f965c34d000 WatcherThread [stack: 0x00007f95d7ce8000,0x00007f95d7de8000] [id=10006]
  0x00007f965c02d000 GCTaskThread "GC Thread#0" [stack: 0x00007f964231a000,0x00007f964241a000] [id=9966]
  0x00007f965c02e800 GCTaskThread "GC Thread#1" [stack: 0x00007f9642218000,0x00007f9642318000] [id=9967]
  0x00007f965c030000 GCTaskThread "GC Thread#2" [stack: 0x00007f9642116000,0x00007f9642216000] [id=9968]
  0x00007f965c032000 GCTaskThread "GC Thread#3" [stack: 0x00007f9642014000,0x00007f9642114000] [id=9969]
  0x00007f965c080000 ConcurrentGCThread "G1 Main Marker" [stack: 0x00007f96402c0000,0x00007f96403c0000] [id=9972]
  0x00007f965c082000 ConcurrentGCThread "G1 Conc#0" [stack: 0x00007f96401be000,0x00007f96402be000] [id=9973]
  0x00007f965c160800 ConcurrentGCThread "G1 Refine#0" [stack: 0x00007f9621dff000,0x00007f9621eff000] [id=9977]
  0x00007f965c162800 ConcurrentGCThread "G1 Refine#1" [stack: 0x00007f9621cfd000,0x00007f9621dfd000] [id=9978]
  0x00007f965c164000 ConcurrentGCThread "G1 Refine#2" [stack: 0x00007f9621bfb000,0x00007f9621cfb000] [id=9983]
  0x00007f965c166000 ConcurrentGCThread "G1 Refine#3" [stack: 0x00007f9621af9000,0x00007f9621bf9000] [id=9984]
  0x00007f965c167800 ConcurrentGCThread "G1 Young RemSet Sampling" [stack: 0x00007f96219f7000,0x00007f9621af7000] [id=9985]

Threads with active compile tasks:

VM state:at safepoint (normal execution)

VM Mutex/Monitor currently owned by a thread:  ([mutex/lock_event])
[0x00007f965c010df0] Threads_lock - owner thread: 0x00007f965c1f2000

Heap address: 0x00000006c7200000, size: 3982 MB, Compressed Oops mode: Zero based, Oop shift amount: 3
Narrow klass base: 0x0000000000000000, Narrow klass shift: 3
Compressed class space size: 1073741824 Address: 0x00000007c0000000

Heap:
 garbage-first heap   total 256000K, used 4096K [0x00000006c7200000, 0x00000007c0000000)
  region size 1024K, 5 young (5120K), 0 survivors (0K)
 Metaspace       used 6707K, capacity 6873K, committed 7040K, reserved 1056768K
  class space    used 566K, capacity 628K, committed 640K, reserved 1048576K
Heap Regions: E=young(eden), S=young(survivor), O=old, HS=humongous(starts), HC=humongous(continues), CS=collection set, F=free, A=archive, TS=gc time stamp, AC=allocation context, TAMS=top-at-mark-start (previous, next)
|   0|0x00000006c7200000, 0x00000006c7200000, 0x00000006c7300000|  0%| F|  |TS  0|AC  0|TAMS 0x00000006c7200000, 0x00000006c7200000|
|   1|0x00000006c7300000, 0x00000006c7300000, 0x00000006c7400000|  0%| F|  |TS  0|AC  0|TAMS 0x00000006c7300000, 0x00000006c7300000|
|   2|0x00000006c7400000, 0x00000006c7400000, 0x00000006c7500000|  0%| F|  |TS  0|AC  0|TAMS 0x00000006c7400000, 0x00000006c7400000|
|   3|0x00000006c7500000, 0x00000006c7500000, 0x00000006c7600000|  0%| F|  |TS  0|AC  0|TAMS 0x00000006c7500000, 0x00000006c7500000|
|   4|0x00000006c7600000, 0x00000006c7600000, 0x00000006c7700000|  0%| F|  |TS  0|AC  0|TAMS 0x00000006c7600000, 0x00000006c7600000|
|   5|0x00000006c7700000, 0x00000006c7700000, 0x00000006c7800000|  0%| F|  |TS  0|AC  0|TAMS 0x00000006c7700000, 0x00000006c7700000|
|   6|0x00000006c7800000, 0x00000006c7800000, 0x00000006c7900000|  0%| F|  |TS  0|AC  0|TAMS 0x00000006c7800000, 0x00000006c7800000|
|   7|0x00000006c7900000, 0x00000006c7900000, 0x00000006c7a00000|  0%| F|  |TS  0|AC  0|TAMS 0x00000006c7900000, 0x00000006c7900000|
|   8|0x00000006c7a00000, 0x00000006c7a00000, 0x00000006c7b00000|  0%| F|  |TS  0|AC  0|TAMS 0x00000006c7a00000, 0x00000006c7a00000|
|   9|0x00000006c7b00000, 0x00000006c7b00000, 0x00000006c7c00000|  0%| F|  |TS  0|AC  0|TAMS 0x00000006c7b00000, 0x00000006c7b00000|
|  10|0x00000006c7c00000, 0x00000006c7c00000, 0x00000006c7d00000|  0%| F|  |TS  0|AC  0|TAMS 0x00000006c7c00000, 0x00000006c7c00000|
|  11|0x00000006c7d00000, 0x00000006c7d00000, 0x00000006c7e00000|  0%| F|  |TS  0|AC  0|TAMS 0x00000006c7d00000, 0x00000006c7d00000|
|  12|0x00000006c7e00000, 0x00000006c7e00000, 0x00000006c7f00000|  0%| F|  |TS  0|AC  0|TAMS 0x00000006c7e00000, 0x00000006c7e00000|
|  13|0x00000006c7f00000, 0x00000006c7f00000, 0x00000006c8000000|  0%| F|  |TS  0|AC  0|TAMS 0x00000006c7f00000, 0x00000006c7f00000|
|  14|0x00000006c8000000, 0x00000006c8000000, 0x00000006c8100000|  0%| F|  |TS  0|AC  0|TAMS 0x00000006c8000000, 0x00000006c8000000|
|  15|0x00000006c8100000, 0x00000006c8100000, 0x00000006c8200000|  0%| F|  |TS  0|AC  0|TAMS 0x00000006c8100000, 0x00000006c8100000|
|  16|0x00000006c8200000, 0x00000006c8200000, 0x00000006c8300000|  0%| F|  |TS  0|AC  0|TAMS 0x00000006c8200000, 0x00000006c8200000|
|  17|0x00000006c8300000, 0x00000006c8300000, 0x00000006c8400000|  0%| F|  |TS  0|AC  0|TAMS 0x00000006c8300000, 0x00000006c8300000|
|  18|0x00000006c8400000, 0x00000006c8400000, 0x00000006c8500000|  0%| F|  |TS  0|AC  0|TAMS 0x00000006c8400000, 0x00000006c8400000|
|  19|0x00000006c8500000, 0x00000006c8500000, 0x00000006c8600000|  0%| F|  |TS  0|AC  0|TAMS 0x00000006c8500000, 0x00000006c8500000|
|  20|0x00000006c8600000, 0x00000006c8600000, 0x00000006c8700000|  0%| F|  |TS  0|AC  0|TAMS 0x00000006c8600000, 0x00000006c8600000|
|  21|0x00000006c8700000, 0x00000006c8700000, 0x00000006c8800000|  0%| F|  |TS  0|AC  0|TAMS 0x00000006c8700000, 0x00000006c8700000|
|  22|0x00000006c8800000, 0x00000006c8800000, 0x00000006c8900000|  0%| F|  |TS  0|AC  0|TAMS 0x00000006c8800000, 0x00000006c8800000|
|  23|0x00000006c8900000, 0x00000006c8900000, 0x00000006c8a00000|  0%| F|  |TS  0|AC  0|TAMS 0x00000006c8900000, 0x00000006c8900000|
|  24|0x00000006c8a00000, 0x00000006c8a00000, 0x00000006c8b00000|  0%| F|  |TS  0|AC  0|TAMS 0x00000006c8a00000, 0x00000006c8a00000|
|  25|0x00000006c8b00000, 0x00000006c8b00000, 0x00000006c8c00000|  0%| F|  |TS  0|AC  0|TAMS 0x00000006c8b00000, 0x00000006c8b00000|
|  26|0x00000006c8c00000, 0x00000006c8c00000, 0x00000006c8d00000|  0%| F|  |TS  0|AC  0|TAMS 0x00000006c8c00000, 0x00000006c8c00000|
|  27|0x00000006c8d00000, 0x00000006c8d00000, 0x00000006c8e00000|  0%| F|  |TS  0|AC  0|TAMS 0x00000006c8d00000, 0x00000006c8d00000|
|  28|0x00000006c8e00000, 0x00000006c8e00000, 0x00000006c8f00000|  0%| F|  |TS  0|AC  0|TAMS 0x00000006c8e00000, 0x00000006c8e00000|
|  29|0x00000006c8f00000, 0x00000006c8f00000, 0x00000006c9000000|  0%| F|  |TS  0|AC  0|TAMS 0x00000006c8f00000, 0x00000006c8f00000|
|  30|0x00000006c9000000, 0x00000006c9000000, 0x00000006c9100000|  0%| F|  |TS  0|AC  0|TAMS 0x00000006c9000000, 0x00000006c9000000|
|  31|0x00000006c9100000, 0x00000006c9100000, 0x00000006c9200000|  0%| F|  |TS  0|AC  0|TAMS 0x00000006c9100000, 0x00000006c9100000|
|  32|0x00000006c9200000, 0x00000006c9200000, 0x00000006c9300000|  0%| F|  |TS  0|AC  0|TAMS 0x00000006c9200000, 0x00000006c9200000|
|  33|0x00000006c9300000, 0x00000006c9300000, 0x00000006c9400000|  0%| F|  |TS  0|AC  0|TAMS 0x00000006c9300000, 0x00000006c9300000|
|  34|0x00000006c9400000, 0x00000006c9400000, 0x00000006c9500000|  0%| F|  |TS  0|AC  0|TAMS 0x00000006c9400000, 0x00000006c9400000|
|  35|0x00000006c9500000, 0x00000006c9500000, 0x00000006c9600000|  0%| F|  |TS  0|AC  0|TAMS 0x00000006c9500000, 0x00000006c9500000|
|  36|0x00000006c9600000, 0x00000006c9600000, 0x00000006c9700000|  0%| F|  |TS  0|AC  0|TAMS 0x00000006c9600000, 0x00000006c9600000|
|  37|0x00000006c9700000, 0x00000006c9700000, 0x00000006c9800000|  0%| F|  |TS  0|AC  0|TAMS 0x00000006c9700000, 0x00000006c9700000|
|  38|0x00000006c9800000, 0x00000006c9800000, 0x00000006c9900000|  0%| F|  |TS  0|AC  0|TAMS 0x00000006c9800000, 0x00000006c9800000|
|  39|0x00000006c9900000, 0x00000006c9900000, 0x00000006c9a00000|  0%| F|  |TS  0|AC  0|TAMS 0x00000006c9900000, 0x00000006c9900000|
|  40|0x00000006c9a00000, 0x00000006c9a00000, 0x00000006c9b00000|  0%| F|  |TS  0|AC  0|TAMS 0x00000006c9a00000, 0x00000006c9a00000|
|  41|0x00000006c9b00000, 0x00000006c9b00000, 0x00000006c9c00000|  0%| F|  |TS  0|AC  0|TAMS 0x00000006c9b00000, 0x00000006c9b00000|
|  42|0x00000006c9c00000, 0x00000006c9c00000, 0x00000006c9d00000|  0%| F|  |TS  0|AC  0|TAMS 0x00000006c9c00000, 0x00000006c9c00000|
|  43|0x00000006c9d00000, 0x00000006c9d00000, 0x00000006c9e00000|  0%| F|  |TS  0|AC  0|TAMS 0x00000006c9d00000, 0x00000006c9d00000|
|  44|0x00000006c9e00000, 0x00000006c9e00000, 0x00000006c9f00000|  0%| F|  |TS  0|AC  0|TAMS 0x00000006c9e00000, 0x00000006c9e00000|
|  45|0x00000006c9f00000, 0x00000006c9f00000, 0x00000006ca000000|  0%| F|  |TS  0|AC  0|TAMS 0x00000006c9f00000, 0x00000006c9f00000|
|  46|0x00000006ca000000, 0x00000006ca000000, 0x00000006ca100000|  0%| F|  |TS  0|AC  0|TAMS 0x00000006ca000000, 0x00000006ca000000|
|  47|0x00000006ca100000, 0x00000006ca100000, 0x00000006ca200000|  0%| F|  |TS  0|AC  0|TAMS 0x00000006ca100000, 0x00000006ca100000|
|  48|0x00000006ca200000, 0x00000006ca200000, 0x00000006ca300000|  0%| F|  |TS  0|AC  0|TAMS 0x00000006ca200000, 0x00000006ca200000|
|  49|0x00000006ca300000, 0x00000006ca300000, 0x00000006ca400000|  0%| F|  |TS  0|AC  0|TAMS 0x00000006ca300000, 0x00000006ca300000|
|  50|0x00000006ca400000, 0x00000006ca400000, 0x00000006ca500000|  0%| F|  |TS  0|AC  0|TAMS 0x00000006ca400000, 0x00000006ca400000|
|  51|0x00000006ca500000, 0x00000006ca500000, 0x00000006ca600000|  0%| F|  |TS  0|AC  0|TAMS 0x00000006ca500000, 0x00000006ca500000|
|  52|0x00000006ca600000, 0x00000006ca600000, 0x00000006ca700000|  0%| F|  |TS  0|AC  0|TAMS 0x00000006ca600000, 0x00000006ca600000|
|  53|0x00000006ca700000, 0x00000006ca700000, 0x00000006ca800000|  0%| F|  |TS  0|AC  0|TAMS 0x00000006ca700000, 0x00000006ca700000|
|  54|0x00000006ca800000, 0x00000006ca800000, 0x00000006ca900000|  0%| F|  |TS  0|AC  0|TAMS 0x00000006ca800000, 0x00000006ca800000|
|  55|0x00000006ca900000, 0x00000006ca900000, 0x00000006caa00000|  0%| F|  |TS  0|AC  0|TAMS 0x00000006ca900000, 0x00000006ca900000|
|  56|0x00000006caa00000, 0x00000006caa00000, 0x00000006cab00000|  0%| F|  |TS  0|AC  0|TAMS 0x00000006caa00000, 0x00000006caa00000|
|  57|0x00000006cab00000, 0x00000006cab00000, 0x00000006cac00000|  0%| F|  |TS  0|AC  0|TAMS 0x00000006cab00000, 0x00000006cab00000|
|  58|0x00000006cac00000, 0x00000006cac00000, 0x00000006cad00000|  0%| F|  |TS  0|AC  0|TAMS 0x00000006cac00000, 0x00000006cac00000|
|  59|0x00000006cad00000, 0x00000006cad00000, 0x00000006cae00000|  0%| F|  |TS  0|AC  0|TAMS 0x00000006cad00000, 0x00000006cad00000|
|  60|0x00000006cae00000, 0x00000006cae00000, 0x00000006caf00000|  0%| F|  |TS  0|AC  0|TAMS 0x00000006cae00000, 0x00000006cae00000|
|  61|0x00000006caf00000, 0x00000006caf00000, 0x00000006cb000000|  0%| F|  |TS  0|AC  0|TAMS 0x00000006caf00000, 0x00000006caf00000|
|  62|0x00000006cb000000, 0x00000006cb000000, 0x00000006cb100000|  0%| F|  |TS  0|AC  0|TAMS 0x00000006cb000000, 0x00000006cb000000|
|  63|0x00000006cb100000, 0x00000006cb100000, 0x00000006cb200000|  0%| F|  |TS  0|AC  0|TAMS 0x00000006cb100000, 0x00000006cb100000|
|  64|0x00000006cb200000, 0x00000006cb200000, 0x00000006cb300000|  0%| F|  |TS  0|AC  0|TAMS 0x00000006cb200000, 0x00000006cb200000|
|  65|0x00000006cb300000, 0x00000006cb300000, 0x00000006cb400000|  0%| F|  |TS  0|AC  0|TAMS 0x00000006cb300000, 0x00000006cb300000|
|  66|0x00000006cb400000, 0x00000006cb400000, 0x00000006cb500000|  0%| F|  |TS  0|AC  0|TAMS 0x00000006cb400000, 0x00000006cb400000|
|  67|0x00000006cb500000, 0x00000006cb500000, 0x00000006cb600000|  0%| F|  |TS  0|AC  0|TAMS 0x00000006cb500000, 0x00000006cb500000|
|  68|0x00000006cb600000, 0x00000006cb600000, 0x00000006cb700000|  0%| F|  |TS  0|AC  0|TAMS 0x00000006cb600000, 0x00000006cb600000|
|  69|0x00000006cb700000, 0x00000006cb700000, 0x00000006cb800000|  0%| F|  |TS  0|AC  0|TAMS 0x00000006cb700000, 0x00000006cb700000|
|  70|0x00000006cb800000, 0x00000006cb800000, 0x00000006cb900000|  0%| F|  |TS  0|AC  0|TAMS 0x00000006cb800000, 0x00000006cb800000|
|  71|0x00000006cb900000, 0x00000006cb900000, 0x00000006cba00000|  0%| F|  |TS  0|AC  0|TAMS 0x00000006cb900000, 0x00000006cb900000|
|  72|0x00000006cba00000, 0x00000006cba00000, 0x00000006cbb00000|  0%| F|  |TS  0|AC  0|TAMS 0x00000006cba00000, 0x00000006cba00000|
|  73|0x00000006cbb00000, 0x00000006cbb00000, 0x00000006cbc00000|  0%| F|  |TS  0|AC  0|TAMS 0x00000006cbb00000, 0x00000006cbb00000|
|  74|0x00000006cbc00000, 0x00000006cbc00000, 0x00000006cbd00000|  0%| F|  |TS  0|AC  0|TAMS 0x00000006cbc00000, 0x00000006cbc00000|
|  75|0x00000006cbd00000, 0x00000006cbd00000, 0x00000006cbe00000|  0%| F|  |TS  0|AC  0|TAMS 0x00000006cbd00000, 0x00000006cbd00000|
|  76|0x00000006cbe00000, 0x00000006cbe00000, 0x00000006cbf00000|  0%| F|  |TS  0|AC  0|TAMS 0x00000006cbe00000, 0x00000006cbe00000|
|  77|0x00000006cbf00000, 0x00000006cbf00000, 0x00000006cc000000|  0%| F|  |TS  0|AC  0|TAMS 0x00000006cbf00000, 0x00000006cbf00000|
|  78|0x00000006cc000000, 0x00000006cc000000, 0x00000006cc100000|  0%| F|  |TS  0|AC  0|TAMS 0x00000006cc000000, 0x00000006cc000000|
|  79|0x00000006cc100000, 0x00000006cc100000, 0x00000006cc200000|  0%| F|  |TS  0|AC  0|TAMS 0x00000006cc100000, 0x00000006cc100000|
|  80|0x00000006cc200000, 0x00000006cc200000, 0x00000006cc300000|  0%| F|  |TS  0|AC  0|TAMS 0x00000006cc200000, 0x00000006cc200000|
|  81|0x00000006cc300000, 0x00000006cc300000, 0x00000006cc400000|  0%| F|  |TS  0|AC  0|TAMS 0x00000006cc300000, 0x00000006cc300000|
|  82|0x00000006cc400000, 0x00000006cc400000, 0x00000006cc500000|  0%| F|  |TS  0|AC  0|TAMS 0x00000006cc400000, 0x00000006cc400000|
|  83|0x00000006cc500000, 0x00000006cc500000, 0x00000006cc600000|  0%| F|  |TS  0|AC  0|TAMS 0x00000006cc500000, 0x00000006cc500000|
|  84|0x00000006cc600000, 0x00000006cc600000, 0x00000006cc700000|  0%| F|  |TS  0|AC  0|TAMS 0x00000006cc600000, 0x00000006cc600000|
|  85|0x00000006cc700000, 0x00000006cc700000, 0x00000006cc800000|  0%| F|  |TS  0|AC  0|TAMS 0x00000006cc700000, 0x00000006cc700000|
|  86|0x00000006cc800000, 0x00000006cc800000, 0x00000006cc900000|  0%| F|  |TS  0|AC  0|TAMS 0x00000006cc800000, 0x00000006cc800000|
|  87|0x00000006cc900000, 0x00000006cc900000, 0x00000006cca00000|  0%| F|  |TS  0|AC  0|TAMS 0x00000006cc900000, 0x00000006cc900000|
|  88|0x00000006cca00000, 0x00000006cca00000, 0x00000006ccb00000|  0%| F|  |TS  0|AC  0|TAMS 0x00000006cca00000, 0x00000006cca00000|
|  89|0x00000006ccb00000, 0x00000006ccb00000, 0x00000006ccc00000|  0%| F|  |TS  0|AC  0|TAMS 0x00000006ccb00000, 0x00000006ccb00000|
|  90|0x00000006ccc00000, 0x00000006ccc00000, 0x00000006ccd00000|  0%| F|  |TS  0|AC  0|TAMS 0x00000006ccc00000, 0x00000006ccc00000|
|  91|0x00000006ccd00000, 0x00000006ccd00000, 0x00000006cce00000|  0%| F|  |TS  0|AC  0|TAMS 0x00000006ccd00000, 0x00000006ccd00000|
|  92|0x00000006cce00000, 0x00000006cce00000, 0x00000006ccf00000|  0%| F|  |TS  0|AC  0|TAMS 0x00000006cce00000, 0x00000006cce00000|
|  93|0x00000006ccf00000, 0x00000006ccf00000, 0x00000006cd000000|  0%| F|  |TS  0|AC  0|TAMS 0x00000006ccf00000, 0x00000006ccf00000|
|  94|0x00000006cd000000, 0x00000006cd000000, 0x00000006cd100000|  0%| F|  |TS  0|AC  0|TAMS 0x00000006cd000000, 0x00000006cd000000|
|  95|0x00000006cd100000, 0x00000006cd100000, 0x00000006cd200000|  0%| F|  |TS  0|AC  0|TAMS 0x00000006cd100000, 0x00000006cd100000|
|  96|0x00000006cd200000, 0x00000006cd200000, 0x00000006cd300000|  0%| F|  |TS  0|AC  0|TAMS 0x00000006cd200000, 0x00000006cd200000|
|  97|0x00000006cd300000, 0x00000006cd300000, 0x00000006cd400000|  0%| F|  |TS  0|AC  0|TAMS 0x00000006cd300000, 0x00000006cd300000|
|  98|0x00000006cd400000, 0x00000006cd400000, 0x00000006cd500000|  0%| F|  |TS  0|AC  0|TAMS 0x00000006cd400000, 0x00000006cd400000|
|  99|0x00000006cd500000, 0x00000006cd500000, 0x00000006cd600000|  0%| F|  |TS  0|AC  0|TAMS 0x00000006cd500000, 0x00000006cd500000|
| 100|0x00000006cd600000, 0x00000006cd600000, 0x00000006cd700000|  0%| F|  |TS  0|AC  0|TAMS 0x00000006cd600000, 0x00000006cd600000|
| 101|0x00000006cd700000, 0x00000006cd700000, 0x00000006cd800000|  0%| F|  |TS  0|AC  0|TAMS 0x00000006cd700000, 0x00000006cd700000|
| 102|0x00000006cd800000, 0x00000006cd800000, 0x00000006cd900000|  0%| F|  |TS  0|AC  0|TAMS 0x00000006cd800000, 0x00000006cd800000|
| 103|0x00000006cd900000, 0x00000006cd900000, 0x00000006cda00000|  0%| F|  |TS  0|AC  0|TAMS 0x00000006cd900000, 0x00000006cd900000|
| 104|0x00000006cda00000, 0x00000006cda00000, 0x00000006cdb00000|  0%| F|  |TS  0|AC  0|TAMS 0x00000006cda00000, 0x00000006cda00000|
| 105|0x00000006cdb00000, 0x00000006cdb00000, 0x00000006cdc00000|  0%| F|  |TS  0|AC  0|TAMS 0x00000006cdb00000, 0x00000006cdb00000|
| 106|0x00000006cdc00000, 0x00000006cdc00000, 0x00000006cdd00000|  0%| F|  |TS  0|AC  0|TAMS 0x00000006cdc00000, 0x00000006cdc00000|
| 107|0x00000006cdd00000, 0x00000006cdd00000, 0x00000006cde00000|  0%| F|  |TS  0|AC  0|TAMS 0x00000006cdd00000, 0x00000006cdd00000|
| 108|0x00000006cde00000, 0x00000006cde00000, 0x00000006cdf00000|  0%| F|  |TS  0|AC  0|TAMS 0x00000006cde00000, 0x00000006cde00000|
| 109|0x00000006cdf00000, 0x00000006cdf00000, 0x00000006ce000000|  0%| F|  |TS  0|AC  0|TAMS 0x00000006cdf00000, 0x00000006cdf00000|
| 110|0x00000006ce000000, 0x00000006ce000000, 0x00000006ce100000|  0%| F|  |TS  0|AC  0|TAMS 0x00000006ce000000, 0x00000006ce000000|
| 111|0x00000006ce100000, 0x00000006ce100000, 0x00000006ce200000|  0%| F|  |TS  0|AC  0|TAMS 0x00000006ce100000, 0x00000006ce100000|
| 112|0x00000006ce200000, 0x00000006ce200000, 0x00000006ce300000|  0%| F|  |TS  0|AC  0|TAMS 0x00000006ce200000, 0x00000006ce200000|
| 113|0x00000006ce300000, 0x00000006ce300000, 0x00000006ce400000|  0%| F|  |TS  0|AC  0|TAMS 0x00000006ce300000, 0x00000006ce300000|
| 114|0x00000006ce400000, 0x00000006ce400000, 0x00000006ce500000|  0%| F|  |TS  0|AC  0|TAMS 0x00000006ce400000, 0x00000006ce400000|
| 115|0x00000006ce500000, 0x00000006ce500000, 0x00000006ce600000|  0%| F|  |TS  0|AC  0|TAMS 0x00000006ce500000, 0x00000006ce500000|
| 116|0x00000006ce600000, 0x00000006ce600000, 0x00000006ce700000|  0%| F|  |TS  0|AC  0|TAMS 0x00000006ce600000, 0x00000006ce600000|
| 117|0x00000006ce700000, 0x00000006ce700000, 0x00000006ce800000|  0%| F|  |TS  0|AC  0|TAMS 0x00000006ce700000, 0x00000006ce700000|
| 118|0x00000006ce800000, 0x00000006ce800000, 0x00000006ce900000|  0%| F|  |TS  0|AC  0|TAMS 0x00000006ce800000, 0x00000006ce800000|
| 119|0x00000006ce900000, 0x00000006ce900000, 0x00000006cea00000|  0%| F|  |TS  0|AC  0|TAMS 0x00000006ce900000, 0x00000006ce900000|
| 120|0x00000006cea00000, 0x00000006cea00000, 0x00000006ceb00000|  0%| F|  |TS  0|AC  0|TAMS 0x00000006cea00000, 0x00000006cea00000|
| 121|0x00000006ceb00000, 0x00000006ceb00000, 0x00000006cec00000|  0%| F|  |TS  0|AC  0|TAMS 0x00000006ceb00000, 0x00000006ceb00000|
| 122|0x00000006cec00000, 0x00000006cec00000, 0x00000006ced00000|  0%| F|  |TS  0|AC  0|TAMS 0x00000006cec00000, 0x00000006cec00000|
| 123|0x00000006ced00000, 0x00000006ced00000, 0x00000006cee00000|  0%| F|  |TS  0|AC  0|TAMS 0x00000006ced00000, 0x00000006ced00000|
| 124|0x00000006cee00000, 0x00000006cee00000, 0x00000006cef00000|  0%| F|  |TS  0|AC  0|TAMS 0x00000006cee00000, 0x00000006cee00000|
| 125|0x00000006cef00000, 0x00000006cef00000, 0x00000006cf000000|  0%| F|  |TS  0|AC  0|TAMS 0x00000006cef00000, 0x00000006cef00000|
| 126|0x00000006cf000000, 0x00000006cf000000, 0x00000006cf100000|  0%| F|  |TS  0|AC  0|TAMS 0x00000006cf000000, 0x00000006cf000000|
| 127|0x00000006cf100000, 0x00000006cf100000, 0x00000006cf200000|  0%| F|  |TS  0|AC  0|TAMS 0x00000006cf100000, 0x00000006cf100000|
| 128|0x00000006cf200000, 0x00000006cf200000, 0x00000006cf300000|  0%| F|  |TS  0|AC  0|TAMS 0x00000006cf200000, 0x00000006cf200000|
| 129|0x00000006cf300000, 0x00000006cf300000, 0x00000006cf400000|  0%| F|  |TS  0|AC  0|TAMS 0x00000006cf300000, 0x00000006cf300000|
| 130|0x00000006cf400000, 0x00000006cf400000, 0x00000006cf500000|  0%| F|  |TS  0|AC  0|TAMS 0x00000006cf400000, 0x00000006cf400000|
| 131|0x00000006cf500000, 0x00000006cf500000, 0x00000006cf600000|  0%| F|  |TS  0|AC  0|TAMS 0x00000006cf500000, 0x00000006cf500000|
| 132|0x00000006cf600000, 0x00000006cf600000, 0x00000006cf700000|  0%| F|  |TS  0|AC  0|TAMS 0x00000006cf600000, 0x00000006cf600000|
| 133|0x00000006cf700000, 0x00000006cf700000, 0x00000006cf800000|  0%| F|  |TS  0|AC  0|TAMS 0x00000006cf700000, 0x00000006cf700000|
| 134|0x00000006cf800000, 0x00000006cf800000, 0x00000006cf900000|  0%| F|  |TS  0|AC  0|TAMS 0x00000006cf800000, 0x00000006cf800000|
| 135|0x00000006cf900000, 0x00000006cf900000, 0x00000006cfa00000|  0%| F|  |TS  0|AC  0|TAMS 0x00000006cf900000, 0x00000006cf900000|
| 136|0x00000006cfa00000, 0x00000006cfa00000, 0x00000006cfb00000|  0%| F|  |TS  0|AC  0|TAMS 0x00000006cfa00000, 0x00000006cfa00000|
| 137|0x00000006cfb00000, 0x00000006cfb00000, 0x00000006cfc00000|  0%| F|  |TS  0|AC  0|TAMS 0x00000006cfb00000, 0x00000006cfb00000|
| 138|0x00000006cfc00000, 0x00000006cfc00000, 0x00000006cfd00000|  0%| F|  |TS  0|AC  0|TAMS 0x00000006cfc00000, 0x00000006cfc00000|
| 139|0x00000006cfd00000, 0x00000006cfd00000, 0x00000006cfe00000|  0%| F|  |TS  0|AC  0|TAMS 0x00000006cfd00000, 0x00000006cfd00000|
| 140|0x00000006cfe00000, 0x00000006cfe00000, 0x00000006cff00000|  0%| F|  |TS  0|AC  0|TAMS 0x00000006cfe00000, 0x00000006cfe00000|
| 141|0x00000006cff00000, 0x00000006cff00000, 0x00000006d0000000|  0%| F|  |TS  0|AC  0|TAMS 0x00000006cff00000, 0x00000006cff00000|
| 142|0x00000006d0000000, 0x00000006d0000000, 0x00000006d0100000|  0%| F|  |TS  0|AC  0|TAMS 0x00000006d0000000, 0x00000006d0000000|
| 143|0x00000006d0100000, 0x00000006d0100000, 0x00000006d0200000|  0%| F|  |TS  0|AC  0|TAMS 0x00000006d0100000, 0x00000006d0100000|
| 144|0x00000006d0200000, 0x00000006d0200000, 0x00000006d0300000|  0%| F|  |TS  0|AC  0|TAMS 0x00000006d0200000, 0x00000006d0200000|
| 145|0x00000006d0300000, 0x00000006d0300000, 0x00000006d0400000|  0%| F|  |TS  0|AC  0|TAMS 0x00000006d0300000, 0x00000006d0300000|
| 146|0x00000006d0400000, 0x00000006d0400000, 0x00000006d0500000|  0%| F|  |TS  0|AC  0|TAMS 0x00000006d0400000, 0x00000006d0400000|
| 147|0x00000006d0500000, 0x00000006d0500000, 0x00000006d0600000|  0%| F|  |TS  0|AC  0|TAMS 0x00000006d0500000, 0x00000006d0500000|
| 148|0x00000006d0600000, 0x00000006d0600000, 0x00000006d0700000|  0%| F|  |TS  0|AC  0|TAMS 0x00000006d0600000, 0x00000006d0600000|
| 149|0x00000006d0700000, 0x00000006d0700000, 0x00000006d0800000|  0%| F|  |TS  0|AC  0|TAMS 0x00000006d0700000, 0x00000006d0700000|
| 150|0x00000006d0800000, 0x00000006d0800000, 0x00000006d0900000|  0%| F|  |TS  0|AC  0|TAMS 0x00000006d0800000, 0x00000006d0800000|
| 151|0x00000006d0900000, 0x00000006d0900000, 0x00000006d0a00000|  0%| F|  |TS  0|AC  0|TAMS 0x00000006d0900000, 0x00000006d0900000|
| 152|0x00000006d0a00000, 0x00000006d0a00000, 0x00000006d0b00000|  0%| F|  |TS  0|AC  0|TAMS 0x00000006d0a00000, 0x00000006d0a00000|
| 153|0x00000006d0b00000, 0x00000006d0b00000, 0x00000006d0c00000|  0%| F|  |TS  0|AC  0|TAMS 0x00000006d0b00000, 0x00000006d0b00000|
| 154|0x00000006d0c00000, 0x00000006d0c00000, 0x00000006d0d00000|  0%| F|  |TS  0|AC  0|TAMS 0x00000006d0c00000, 0x00000006d0c00000|
| 155|0x00000006d0d00000, 0x00000006d0d00000, 0x00000006d0e00000|  0%| F|  |TS  0|AC  0|TAMS 0x00000006d0d00000, 0x00000006d0d00000|
| 156|0x00000006d0e00000, 0x00000006d0e00000, 0x00000006d0f00000|  0%| F|  |TS  0|AC  0|TAMS 0x00000006d0e00000, 0x00000006d0e00000|
| 157|0x00000006d0f00000, 0x00000006d0f00000, 0x00000006d1000000|  0%| F|  |TS  0|AC  0|TAMS 0x00000006d0f00000, 0x00000006d0f00000|
| 158|0x00000006d1000000, 0x00000006d1000000, 0x00000006d1100000|  0%| F|  |TS  0|AC  0|TAMS 0x00000006d1000000, 0x00000006d1000000|
| 159|0x00000006d1100000, 0x00000006d1100000, 0x00000006d1200000|  0%| F|  |TS  0|AC  0|TAMS 0x00000006d1100000, 0x00000006d1100000|
| 160|0x00000006d1200000, 0x00000006d1200000, 0x00000006d1300000|  0%| F|  |TS  0|AC  0|TAMS 0x00000006d1200000, 0x00000006d1200000|
| 161|0x00000006d1300000, 0x00000006d1300000, 0x00000006d1400000|  0%| F|  |TS  0|AC  0|TAMS 0x00000006d1300000, 0x00000006d1300000|
| 162|0x00000006d1400000, 0x00000006d1400000, 0x00000006d1500000|  0%| F|  |TS  0|AC  0|TAMS 0x00000006d1400000, 0x00000006d1400000|
| 163|0x00000006d1500000, 0x00000006d1500000, 0x00000006d1600000|  0%| F|  |TS  0|AC  0|TAMS 0x00000006d1500000, 0x00000006d1500000|
| 164|0x00000006d1600000, 0x00000006d1600000, 0x00000006d1700000|  0%| F|  |TS  0|AC  0|TAMS 0x00000006d1600000, 0x00000006d1600000|
| 165|0x00000006d1700000, 0x00000006d1700000, 0x00000006d1800000|  0%| F|  |TS  0|AC  0|TAMS 0x00000006d1700000, 0x00000006d1700000|
| 166|0x00000006d1800000, 0x00000006d1800000, 0x00000006d1900000|  0%| F|  |TS  0|AC  0|TAMS 0x00000006d1800000, 0x00000006d1800000|
| 167|0x00000006d1900000, 0x00000006d1900000, 0x00000006d1a00000|  0%| F|  |TS  0|AC  0|TAMS 0x00000006d1900000, 0x00000006d1900000|
| 168|0x00000006d1a00000, 0x00000006d1a00000, 0x00000006d1b00000|  0%| F|  |TS  0|AC  0|TAMS 0x00000006d1a00000, 0x00000006d1a00000|
| 169|0x00000006d1b00000, 0x00000006d1b00000, 0x00000006d1c00000|  0%| F|  |TS  0|AC  0|TAMS 0x00000006d1b00000, 0x00000006d1b00000|
| 170|0x00000006d1c00000, 0x00000006d1c00000, 0x00000006d1d00000|  0%| F|  |TS  0|AC  0|TAMS 0x00000006d1c00000, 0x00000006d1c00000|
| 171|0x00000006d1d00000, 0x00000006d1d00000, 0x00000006d1e00000|  0%| F|  |TS  0|AC  0|TAMS 0x00000006d1d00000, 0x00000006d1d00000|
| 172|0x00000006d1e00000, 0x00000006d1e00000, 0x00000006d1f00000|  0%| F|  |TS  0|AC  0|TAMS 0x00000006d1e00000, 0x00000006d1e00000|
| 173|0x00000006d1f00000, 0x00000006d1f00000, 0x00000006d2000000|  0%| F|  |TS  0|AC  0|TAMS 0x00000006d1f00000, 0x00000006d1f00000|
| 174|0x00000006d2000000, 0x00000006d2000000, 0x00000006d2100000|  0%| F|  |TS  0|AC  0|TAMS 0x00000006d2000000, 0x00000006d2000000|
| 175|0x00000006d2100000, 0x00000006d2100000, 0x00000006d2200000|  0%| F|  |TS  0|AC  0|TAMS 0x00000006d2100000, 0x00000006d2100000|
| 176|0x00000006d2200000, 0x00000006d2200000, 0x00000006d2300000|  0%| F|  |TS  0|AC  0|TAMS 0x00000006d2200000, 0x00000006d2200000|
| 177|0x00000006d2300000, 0x00000006d2300000, 0x00000006d2400000|  0%| F|  |TS  0|AC  0|TAMS 0x00000006d2300000, 0x00000006d2300000|
| 178|0x00000006d2400000, 0x00000006d2400000, 0x00000006d2500000|  0%| F|  |TS  0|AC  0|TAMS 0x00000006d2400000, 0x00000006d2400000|
| 179|0x00000006d2500000, 0x00000006d2500000, 0x00000006d2600000|  0%| F|  |TS  0|AC  0|TAMS 0x00000006d2500000, 0x00000006d2500000|
| 180|0x00000006d2600000, 0x00000006d2600000, 0x00000006d2700000|  0%| F|  |TS  0|AC  0|TAMS 0x00000006d2600000, 0x00000006d2600000|
| 181|0x00000006d2700000, 0x00000006d2700000, 0x00000006d2800000|  0%| F|  |TS  0|AC  0|TAMS 0x00000006d2700000, 0x00000006d2700000|
| 182|0x00000006d2800000, 0x00000006d2800000, 0x00000006d2900000|  0%| F|  |TS  0|AC  0|TAMS 0x00000006d2800000, 0x00000006d2800000|
| 183|0x00000006d2900000, 0x00000006d2900000, 0x00000006d2a00000|  0%| F|  |TS  0|AC  0|TAMS 0x00000006d2900000, 0x00000006d2900000|
| 184|0x00000006d2a00000, 0x00000006d2a00000, 0x00000006d2b00000|  0%| F|  |TS  0|AC  0|TAMS 0x00000006d2a00000, 0x00000006d2a00000|
| 185|0x00000006d2b00000, 0x00000006d2b00000, 0x00000006d2c00000|  0%| F|  |TS  0|AC  0|TAMS 0x00000006d2b00000, 0x00000006d2b00000|
| 186|0x00000006d2c00000, 0x00000006d2c00000, 0x00000006d2d00000|  0%| F|  |TS  0|AC  0|TAMS 0x00000006d2c00000, 0x00000006d2c00000|
| 187|0x00000006d2d00000, 0x00000006d2d00000, 0x00000006d2e00000|  0%| F|  |TS  0|AC  0|TAMS 0x00000006d2d00000, 0x00000006d2d00000|
| 188|0x00000006d2e00000, 0x00000006d2e00000, 0x00000006d2f00000|  0%| F|  |TS  0|AC  0|TAMS 0x00000006d2e00000, 0x00000006d2e00000|
| 189|0x00000006d2f00000, 0x00000006d2f00000, 0x00000006d3000000|  0%| F|  |TS  0|AC  0|TAMS 0x00000006d2f00000, 0x00000006d2f00000|
| 190|0x00000006d3000000, 0x00000006d3000000, 0x00000006d3100000|  0%| F|  |TS  0|AC  0|TAMS 0x00000006d3000000, 0x00000006d3000000|
| 191|0x00000006d3100000, 0x00000006d3100000, 0x00000006d3200000|  0%| F|  |TS  0|AC  0|TAMS 0x00000006d3100000, 0x00000006d3100000|
| 192|0x00000006d3200000, 0x00000006d3200000, 0x00000006d3300000|  0%| F|  |TS  0|AC  0|TAMS 0x00000006d3200000, 0x00000006d3200000|
| 193|0x00000006d3300000, 0x00000006d3300000, 0x00000006d3400000|  0%| F|  |TS  0|AC  0|TAMS 0x00000006d3300000, 0x00000006d3300000|
| 194|0x00000006d3400000, 0x00000006d3400000, 0x00000006d3500000|  0%| F|  |TS  0|AC  0|TAMS 0x00000006d3400000, 0x00000006d3400000|
| 195|0x00000006d3500000, 0x00000006d3500000, 0x00000006d3600000|  0%| F|  |TS  0|AC  0|TAMS 0x00000006d3500000, 0x00000006d3500000|
| 196|0x00000006d3600000, 0x00000006d3600000, 0x00000006d3700000|  0%| F|  |TS  0|AC  0|TAMS 0x00000006d3600000, 0x00000006d3600000|
| 197|0x00000006d3700000, 0x00000006d3700000, 0x00000006d3800000|  0%| F|  |TS  0|AC  0|TAMS 0x00000006d3700000, 0x00000006d3700000|
| 198|0x00000006d3800000, 0x00000006d3800000, 0x00000006d3900000|  0%| F|  |TS  0|AC  0|TAMS 0x00000006d3800000, 0x00000006d3800000|
| 199|0x00000006d3900000, 0x00000006d3900000, 0x00000006d3a00000|  0%| F|  |TS  0|AC  0|TAMS 0x00000006d3900000, 0x00000006d3900000|
| 200|0x00000006d3a00000, 0x00000006d3a00000, 0x00000006d3b00000|  0%| F|  |TS  0|AC  0|TAMS 0x00000006d3a00000, 0x00000006d3a00000|
| 201|0x00000006d3b00000, 0x00000006d3b00000, 0x00000006d3c00000|  0%| F|  |TS  0|AC  0|TAMS 0x00000006d3b00000, 0x00000006d3b00000|
| 202|0x00000006d3c00000, 0x00000006d3c00000, 0x00000006d3d00000|  0%| F|  |TS  0|AC  0|TAMS 0x00000006d3c00000, 0x00000006d3c00000|
| 203|0x00000006d3d00000, 0x00000006d3d00000, 0x00000006d3e00000|  0%| F|  |TS  0|AC  0|TAMS 0x00000006d3d00000, 0x00000006d3d00000|
| 204|0x00000006d3e00000, 0x00000006d3e00000, 0x00000006d3f00000|  0%| F|  |TS  0|AC  0|TAMS 0x00000006d3e00000, 0x00000006d3e00000|
| 205|0x00000006d3f00000, 0x00000006d3f00000, 0x00000006d4000000|  0%| F|  |TS  0|AC  0|TAMS 0x00000006d3f00000, 0x00000006d3f00000|
| 206|0x00000006d4000000, 0x00000006d4000000, 0x00000006d4100000|  0%| F|  |TS  0|AC  0|TAMS 0x00000006d4000000, 0x00000006d4000000|
| 207|0x00000006d4100000, 0x00000006d4100000, 0x00000006d4200000|  0%| F|  |TS  0|AC  0|TAMS 0x00000006d4100000, 0x00000006d4100000|
| 208|0x00000006d4200000, 0x00000006d4200000, 0x00000006d4300000|  0%| F|  |TS  0|AC  0|TAMS 0x00000006d4200000, 0x00000006d4200000|
| 209|0x00000006d4300000, 0x00000006d4300000, 0x00000006d4400000|  0%| F|  |TS  0|AC  0|TAMS 0x00000006d4300000, 0x00000006d4300000|
| 210|0x00000006d4400000, 0x00000006d4400000, 0x00000006d4500000|  0%| F|  |TS  0|AC  0|TAMS 0x00000006d4400000, 0x00000006d4400000|
| 211|0x00000006d4500000, 0x00000006d4500000, 0x00000006d4600000|  0%| F|  |TS  0|AC  0|TAMS 0x00000006d4500000, 0x00000006d4500000|
| 212|0x00000006d4600000, 0x00000006d4600000, 0x00000006d4700000|  0%| F|  |TS  0|AC  0|TAMS 0x00000006d4600000, 0x00000006d4600000|
| 213|0x00000006d4700000, 0x00000006d4700000, 0x00000006d4800000|  0%| F|  |TS  0|AC  0|TAMS 0x00000006d4700000, 0x00000006d4700000|
| 214|0x00000006d4800000, 0x00000006d4800000, 0x00000006d4900000|  0%| F|  |TS  0|AC  0|TAMS 0x00000006d4800000, 0x00000006d4800000|
| 215|0x00000006d4900000, 0x00000006d4900000, 0x00000006d4a00000|  0%| F|  |TS  0|AC  0|TAMS 0x00000006d4900000, 0x00000006d4900000|
| 216|0x00000006d4a00000, 0x00000006d4a00000, 0x00000006d4b00000|  0%| F|  |TS  0|AC  0|TAMS 0x00000006d4a00000, 0x00000006d4a00000|
| 217|0x00000006d4b00000, 0x00000006d4b00000, 0x00000006d4c00000|  0%| F|  |TS  0|AC  0|TAMS 0x00000006d4b00000, 0x00000006d4b00000|
| 218|0x00000006d4c00000, 0x00000006d4c00000, 0x00000006d4d00000|  0%| F|  |TS  0|AC  0|TAMS 0x00000006d4c00000, 0x00000006d4c00000|
| 219|0x00000006d4d00000, 0x00000006d4d00000, 0x00000006d4e00000|  0%| F|  |TS  0|AC  0|TAMS 0x00000006d4d00000, 0x00000006d4d00000|
| 220|0x00000006d4e00000, 0x00000006d4e00000, 0x00000006d4f00000|  0%| F|  |TS  0|AC  0|TAMS 0x00000006d4e00000, 0x00000006d4e00000|
| 221|0x00000006d4f00000, 0x00000006d4f00000, 0x00000006d5000000|  0%| F|  |TS  0|AC  0|TAMS 0x00000006d4f00000, 0x00000006d4f00000|
| 222|0x00000006d5000000, 0x00000006d5000000, 0x00000006d5100000|  0%| F|  |TS  0|AC  0|TAMS 0x00000006d5000000, 0x00000006d5000000|
| 223|0x00000006d5100000, 0x00000006d5100000, 0x00000006d5200000|  0%| F|  |TS  0|AC  0|TAMS 0x00000006d5100000, 0x00000006d5100000|
| 224|0x00000006d5200000, 0x00000006d5200000, 0x00000006d5300000|  0%| F|  |TS  0|AC  0|TAMS 0x00000006d5200000, 0x00000006d5200000|
| 225|0x00000006d5300000, 0x00000006d5300000, 0x00000006d5400000|  0%| F|  |TS  0|AC  0|TAMS 0x00000006d5300000, 0x00000006d5300000|
| 226|0x00000006d5400000, 0x00000006d5400000, 0x00000006d5500000|  0%| F|  |TS  0|AC  0|TAMS 0x00000006d5400000, 0x00000006d5400000|
| 227|0x00000006d5500000, 0x00000006d5500000, 0x00000006d5600000|  0%| F|  |TS  0|AC  0|TAMS 0x00000006d5500000, 0x00000006d5500000|
| 228|0x00000006d5600000, 0x00000006d5600000, 0x00000006d5700000|  0%| F|  |TS  0|AC  0|TAMS 0x00000006d5600000, 0x00000006d5600000|
| 229|0x00000006d5700000, 0x00000006d5700000, 0x00000006d5800000|  0%| F|  |TS  0|AC  0|TAMS 0x00000006d5700000, 0x00000006d5700000|
| 230|0x00000006d5800000, 0x00000006d5800000, 0x00000006d5900000|  0%| F|  |TS  0|AC  0|TAMS 0x00000006d5800000, 0x00000006d5800000|
| 231|0x00000006d5900000, 0x00000006d5900000, 0x00000006d5a00000|  0%| F|  |TS  0|AC  0|TAMS 0x00000006d5900000, 0x00000006d5900000|
| 232|0x00000006d5a00000, 0x00000006d5a00000, 0x00000006d5b00000|  0%| F|  |TS  0|AC  0|TAMS 0x00000006d5a00000, 0x00000006d5a00000|
| 233|0x00000006d5b00000, 0x00000006d5b00000, 0x00000006d5c00000|  0%| F|  |TS  0|AC  0|TAMS 0x00000006d5b00000, 0x00000006d5b00000|
| 234|0x00000006d5c00000, 0x00000006d5c00000, 0x00000006d5d00000|  0%| F|  |TS  0|AC  0|TAMS 0x00000006d5c00000, 0x00000006d5c00000|
| 235|0x00000006d5d00000, 0x00000006d5d00000, 0x00000006d5e00000|  0%| F|  |TS  0|AC  0|TAMS 0x00000006d5d00000, 0x00000006d5d00000|
| 236|0x00000006d5e00000, 0x00000006d5e00000, 0x00000006d5f00000|  0%| F|  |TS  0|AC  0|TAMS 0x00000006d5e00000, 0x00000006d5e00000|
| 237|0x00000006d5f00000, 0x00000006d5f00000, 0x00000006d6000000|  0%| F|  |TS  0|AC  0|TAMS 0x00000006d5f00000, 0x00000006d5f00000|
| 238|0x00000006d6000000, 0x00000006d6000000, 0x00000006d6100000|  0%| F|  |TS  0|AC  0|TAMS 0x00000006d6000000, 0x00000006d6000000|
| 239|0x00000006d6100000, 0x00000006d6100000, 0x00000006d6200000|  0%| F|  |TS  0|AC  0|TAMS 0x00000006d6100000, 0x00000006d6100000|
| 240|0x00000006d6200000, 0x00000006d6200000, 0x00000006d6300000|  0%| F|  |TS  0|AC  0|TAMS 0x00000006d6200000, 0x00000006d6200000|
| 241|0x00000006d6300000, 0x00000006d6300000, 0x00000006d6400000|  0%| F|  |TS  0|AC  0|TAMS 0x00000006d6300000, 0x00000006d6300000|
| 242|0x00000006d6400000, 0x00000006d6400000, 0x00000006d6500000|  0%| F|  |TS  0|AC  0|TAMS 0x00000006d6400000, 0x00000006d6400000|
| 243|0x00000006d6500000, 0x00000006d6500000, 0x00000006d6600000|  0%| F|  |TS  0|AC  0|TAMS 0x00000006d6500000, 0x00000006d6500000|
| 244|0x00000006d6600000, 0x00000006d6600000, 0x00000006d6700000|  0%| F|  |TS  0|AC  0|TAMS 0x00000006d6600000, 0x00000006d6600000|
| 245|0x00000006d6700000, 0x00000006d67daba0, 0x00000006d6800000| 85%| E|  |TS  0|AC  0|TAMS 0x00000006d6700000, 0x00000006d6700000|
| 246|0x00000006d6800000, 0x00000006d6900000, 0x00000006d6900000|100%| E|CS|TS  0|AC  0|TAMS 0x00000006d6800000, 0x00000006d6800000|
| 247|0x00000006d6900000, 0x00000006d6a00000, 0x00000006d6a00000|100%| E|CS|TS  0|AC  0|TAMS 0x00000006d6900000, 0x00000006d6900000|
| 248|0x00000006d6a00000, 0x00000006d6b00000, 0x00000006d6b00000|100%| E|CS|TS  0|AC  0|TAMS 0x00000006d6a00000, 0x00000006d6a00000|
| 249|0x00000006d6b00000, 0x00000006d6c00000, 0x00000006d6c00000|100%| E|CS|TS  0|AC  0|TAMS 0x00000006d6b00000, 0x00000006d6b00000|

Card table byte_map: [0x00007f9640c80000,0x00007f9641447000] byte_map_base: 0x00007f963d647000

Marking Bits (Prev, Next): (CMBitMap*) 0x00007f965c07f410, (CMBitMap*) 0x00007f965c07f448
 Prev Bits: [0x00007f96301c8000, 0x00007f9634000000)
 Next Bits: [0x00007f96281c8000, 0x00007f962c000000)

Polling page: 0x00007f966365e000

CodeHeap 'non-profiled nmethods': size=120032Kb used=92Kb max_used=92Kb free=119940Kb
 bounds [0x00007f9649fcd000, 0x00007f964a23d000, 0x00007f9651505000]
CodeHeap 'profiled nmethods': size=120032Kb used=256Kb max_used=256Kb free=119775Kb
 bounds [0x00007f9642a95000, 0x00007f9642d05000, 0x00007f9649fcd000]
CodeHeap 'non-nmethods': size=5696Kb used=1099Kb max_used=1099Kb free=4596Kb
 bounds [0x00007f9642505000, 0x00007f9642775000, 0x00007f9642a95000]
 total_blobs=662 nmethods=256 adapters=249
 compilation: enabled

Compilation events (10 events):
Event: 0.416 Thread 0x00007f965c214000  192       1       java.net.URL::getProtocol (5 bytes)
Event: 0.416 Thread 0x00007f965c214000 nmethod 192 0x00007f9649fdc710 code [0x00007f9649fdc8c0, 0x00007f9649fdc9d0]
Event: 542.620 Thread 0x00007f965c214000  253       3       java.util.Collections::emptyList (4 bytes)
Event: 542.620 Thread 0x00007f965c214000 nmethod 253 0x00007f9642ad4410 code [0x00007f9642ad45c0, 0x00007f9642ad46f0]
Event: 542.620 Thread 0x00007f965c214000  254       1       java.util.Collections$EmptyList::isEmpty (2 bytes)
Event: 542.620 Thread 0x00007f965c214000 nmethod 254 0x00007f9649fe3c90 code [0x00007f9649fe3e40, 0x00007f9649fe3f50]
Event: 864.200 Thread 0x00007f965c214000  255       3       com.intellij.rt.debugger.agent.CaptureAgent::access$200 (5 bytes)
Event: 864.202 Thread 0x00007f965c214000 nmethod 255 0x00007f9642ad4790 code [0x00007f9642ad4960, 0x00007f9642ad4bb0]
Event: 864.202 Thread 0x00007f965c214000  256       3       com.intellij.rt.debugger.agent.CaptureAgent::getNotNull (12 bytes)
Event: 864.203 Thread 0x00007f965c214000 nmethod 256 0x00007f9642ad4c90 code [0x00007f9642ad4e40, 0x00007f9642ad5030]

GC Heap History (0 events):
No events

Deoptimization events (1 events):
Event: 0.323 Thread 0x00007f965c014800 Uncommon trap: reason=unstable_if action=reinterpret pc=0x00007f9649fd1304 method=java.lang.String.hashCode()I @ 14 c2

Classes redefined (10 events):
Event: 2907.980 Thread 0x00007f965c1f2000 redefined class name=ru.ifmo.uml.Main, count=4
Event: 3050.633 Thread 0x00007f965c1f2000 redefined class name=ru.ifmo.uml.Main, count=5
Event: 3343.327 Thread 0x00007f965c1f2000 redefined class name=ru.ifmo.uml.Main, count=6
Event: 3385.443 Thread 0x00007f965c1f2000 redefined class name=ru.ifmo.uml.dao.sqlite.MsSqlAccountsDao, count=6
Event: 3406.947 Thread 0x00007f965c1f2000 redefined class name=ru.ifmo.uml.Main, count=7
Event: 3419.726 Thread 0x00007f965c1f2000 redefined class name=ru.ifmo.uml.Main, count=8
Event: 3452.564 Thread 0x00007f965c1f2000 redefined class name=ru.ifmo.uml.Main, count=9
Event: 3612.386 Thread 0x00007f965c1f2000 redefined class name=ru.ifmo.uml.Main, count=10
Event: 3787.448 Thread 0x00007f965c1f2000 redefined class name=ru.ifmo.uml.Main, count=11
Event: 3818.464 Thread 0x00007f965c1f2000 redefined class name=ru.ifmo.uml.Main, count=12

Internal exceptions (0 events):
No events

Events (10 events):
Event: 3818.465 Executing VM operation: RedefineClasses done
Event: 3818.465 Executing VM operation: GetFrameCount
Event: 3818.465 Executing VM operation: GetFrameCount done
Event: 3818.465 Executing VM operation: GetFrameCount
Event: 3818.465 Executing VM operation: GetFrameCount done
Event: 3818.465 Executing VM operation: GetFrameLocation
Event: 3818.465 Executing VM operation: GetFrameLocation done
Event: 3818.517 Executing VM operation: ChangeBreakpoints
Event: 3818.517 Executing VM operation: ChangeBreakpoints done
Event: 3818.572 Executing VM operation: GetOrSetLocal


Dynamic libraries:
6c7200000-6d6c00000 rw-p 00000000 00:00 0 
6d6c00000-7c0000000 ---p 00000000 00:00 0 
7c0000000-7c00a0000 rw-p 00000000 00:00 0 
7c00a0000-800000000 ---p 00000000 00:00 0 
563b39fe3000-563b39fe4000 r-xp 00000000 103:02 23200055                  /usr/lib/jvm/java-11-openjdk-amd64/bin/java
563b3a1e4000-563b3a1e5000 r--p 00001000 103:02 23200055                  /usr/lib/jvm/java-11-openjdk-amd64/bin/java
563b3a1e5000-563b3a1e6000 rw-p 00002000 103:02 23200055                  /usr/lib/jvm/java-11-openjdk-amd64/bin/java
563b3b9ca000-563b3b9eb000 rw-p 00000000 00:00 0                          [heap]
7f95c8000000-7f95c8021000 rw-p 00000000 00:00 0 
7f95c8021000-7f95cc000000 ---p 00000000 00:00 0 
7f95d0000000-7f95d0021000 rw-p 00000000 00:00 0 
7f95d0021000-7f95d4000000 ---p 00000000 00:00 0 
7f95d7ce6000-7f95d7ce7000 ---p 00000000 00:00 0 
7f95d7ce7000-7f95d7de8000 rw-p 00000000 00:00 0 
7f95d7de8000-7f95d7dff000 r-xp 00000000 103:02 23201667                  /usr/lib/jvm/java-11-openjdk-amd64/lib/libnet.so
7f95d7dff000-7f95d7ffe000 ---p 00017000 103:02 23201667                  /usr/lib/jvm/java-11-openjdk-amd64/lib/libnet.so
7f95d7ffe000-7f95d7fff000 r--p 00016000 103:02 23201667                  /usr/lib/jvm/java-11-openjdk-amd64/lib/libnet.so
7f95d7fff000-7f95d8000000 rw-p 00017000 103:02 23201667                  /usr/lib/jvm/java-11-openjdk-amd64/lib/libnet.so
7f95d8000000-7f95d8021000 rw-p 00000000 00:00 0 
7f95d8021000-7f95dc000000 ---p 00000000 00:00 0 
7f95dc000000-7f95dc021000 rw-p 00000000 00:00 0 
7f95dc021000-7f95e0000000 ---p 00000000 00:00 0 
7f95e0000000-7f95e0021000 rw-p 00000000 00:00 0 
7f95e0021000-7f95e4000000 ---p 00000000 00:00 0 
7f95e4000000-7f95e4021000 rw-p 00000000 00:00 0 
7f95e4021000-7f95e8000000 ---p 00000000 00:00 0 
7f95e8000000-7f95e8098000 rw-p 00000000 00:00 0 
7f95e8098000-7f95ec000000 ---p 00000000 00:00 0 
7f95ec000000-7f95ec021000 rw-p 00000000 00:00 0 
7f95ec021000-7f95f0000000 ---p 00000000 00:00 0 
7f95f0000000-7f95f00f4000 rw-p 00000000 00:00 0 
7f95f00f4000-7f95f4000000 ---p 00000000 00:00 0 
7f95f4000000-7f95f4121000 rw-p 00000000 00:00 0 
7f95f4121000-7f95f8000000 ---p 00000000 00:00 0 
7f95f8000000-7f95f8021000 rw-p 00000000 00:00 0 
7f95f8021000-7f95fc000000 ---p 00000000 00:00 0 
7f95fc000000-7f95fc021000 rw-p 00000000 00:00 0 
7f95fc021000-7f9600000000 ---p 00000000 00:00 0 
7f9600000000-7f9600021000 rw-p 00000000 00:00 0 
7f9600021000-7f9604000000 ---p 00000000 00:00 0 
7f9604000000-7f9604021000 rw-p 00000000 00:00 0 
7f9604021000-7f9608000000 ---p 00000000 00:00 0 
7f9608000000-7f9608021000 rw-p 00000000 00:00 0 
7f9608021000-7f960c000000 ---p 00000000 00:00 0 
7f960c000000-7f960c021000 rw-p 00000000 00:00 0 
7f960c021000-7f9610000000 ---p 00000000 00:00 0 
7f9610000000-7f9610021000 rw-p 00000000 00:00 0 
7f9610021000-7f9614000000 ---p 00000000 00:00 0 
7f9614000000-7f9614021000 rw-p 00000000 00:00 0 
7f9614021000-7f9618000000 ---p 00000000 00:00 0 
7f9618000000-7f9618021000 rw-p 00000000 00:00 0 
7f9618021000-7f961c000000 ---p 00000000 00:00 0 
7f961c000000-7f961c021000 rw-p 00000000 00:00 0 
7f961c021000-7f9620000000 ---p 00000000 00:00 0 
7f96200cf000-7f96200d3000 ---p 00000000 00:00 0 
7f96200d3000-7f96201d0000 rw-p 00000000 00:00 0 
7f96201d0000-7f96201e1000 r-xp 00000000 103:02 23201668                  /usr/lib/jvm/java-11-openjdk-amd64/lib/libnio.so
7f96201e1000-7f96203e0000 ---p 00011000 103:02 23201668                  /usr/lib/jvm/java-11-openjdk-amd64/lib/libnio.so
7f96203e0000-7f96203e1000 r--p 00010000 103:02 23201668                  /usr/lib/jvm/java-11-openjdk-amd64/lib/libnio.so
7f96203e1000-7f96203e2000 rw-p 00011000 103:02 23201668                  /usr/lib/jvm/java-11-openjdk-amd64/lib/libnio.so
7f96203e2000-7f96203e6000 ---p 00000000 00:00 0 
7f96203e6000-7f96204e3000 rw-p 00000000 00:00 0 
7f96204e3000-7f96204e7000 ---p 00000000 00:00 0 
7f96204e7000-7f96205e4000 rw-p 00000000 00:00 0 
7f96205e4000-7f96205e8000 ---p 00000000 00:00 0 
7f96205e8000-7f96206e5000 rw-p 00000000 00:00 0 
7f96206e5000-7f96206e9000 ---p 00000000 00:00 0 
7f96206e9000-7f96207e6000 rw-p 00000000 00:00 0 
7f96207e6000-7f96207eb000 r-xp 00000000 103:02 23201646                  /usr/lib/jvm/java-11-openjdk-amd64/lib/libdt_socket.so
7f96207eb000-7f96209ea000 ---p 00005000 103:02 23201646                  /usr/lib/jvm/java-11-openjdk-amd64/lib/libdt_socket.so
7f96209ea000-7f96209eb000 r--p 00004000 103:02 23201646                  /usr/lib/jvm/java-11-openjdk-amd64/lib/libdt_socket.so
7f96209eb000-7f96209ec000 rw-p 00005000 103:02 23201646                  /usr/lib/jvm/java-11-openjdk-amd64/lib/libdt_socket.so
7f96209ec000-7f96209f0000 ---p 00000000 00:00 0 
7f96209f0000-7f9620aed000 rw-p 00000000 00:00 0 
7f9620aed000-7f9620af1000 ---p 00000000 00:00 0 
7f9620af1000-7f9620bee000 rw-p 00000000 00:00 0 
7f9620bee000-7f9620bf2000 ---p 00000000 00:00 0 
7f9620bf2000-7f9620cef000 rw-p 00000000 00:00 0 
7f9620cef000-7f9620cf3000 ---p 00000000 00:00 0 
7f9620cf3000-7f9620df0000 rw-p 00000000 00:00 0 
7f9620df0000-7f9620df4000 ---p 00000000 00:00 0 
7f9620df4000-7f9620ef1000 rw-p 00000000 00:00 0 
7f9620ef1000-7f9620ef5000 ---p 00000000 00:00 0 
7f9620ef5000-7f9620ff2000 rw-p 00000000 00:00 0 
7f9620ff2000-7f9620ff6000 ---p 00000000 00:00 0 
7f9620ff6000-7f96210f3000 rw-p 00000000 00:00 0 
7f96210f3000-7f96210f4000 ---p 00000000 00:00 0 
7f96210f4000-7f9621835000 rw-p 00000000 00:00 0 
7f9621835000-7f96219f5000 ---p 00000000 00:00 0 
7f96219f5000-7f96219f6000 ---p 00000000 00:00 0 
7f96219f6000-7f9621af7000 rw-p 00000000 00:00 0 
7f9621af7000-7f9621af8000 ---p 00000000 00:00 0 
7f9621af8000-7f9621bf9000 rw-p 00000000 00:00 0 
7f9621bf9000-7f9621bfa000 ---p 00000000 00:00 0 
7f9621bfa000-7f9621cfb000 rw-p 00000000 00:00 0 
7f9621cfb000-7f9621cfc000 ---p 00000000 00:00 0 
7f9621cfc000-7f9621dfd000 rw-p 00000000 00:00 0 
7f9621dfd000-7f9621dfe000 ---p 00000000 00:00 0 
7f9621dfe000-7f9624000000 rw-p 00000000 00:00 0 
7f9624000000-7f9624021000 rw-p 00000000 00:00 0 
7f9624021000-7f9628000000 ---p 00000000 00:00 0 
7f96280c7000-7f96285b0000 rw-p 00000000 00:00 0 
7f96285b0000-7f962c000000 ---p 00000000 00:00 0 
7f962c000000-7f962c021000 rw-p 00000000 00:00 0 
7f962c021000-7f9630000000 ---p 00000000 00:00 0 
7f96300c7000-7f96305b0000 rw-p 00000000 00:00 0 
7f96305b0000-7f9634000000 ---p 00000000 00:00 0 
7f9634000000-7f9634021000 rw-p 00000000 00:00 0 
7f9634021000-7f9638000000 ---p 00000000 00:00 0 
7f9638000000-7f9638021000 rw-p 00000000 00:00 0 
7f9638021000-7f963c000000 ---p 00000000 00:00 0 
7f963c000000-7f963c021000 rw-p 00000000 00:00 0 
7f963c021000-7f9640000000 ---p 00000000 00:00 0 
7f9640045000-7f96401bc000 rw-p 00000000 00:00 0 
7f96401bc000-7f96401bd000 ---p 00000000 00:00 0 
7f96401bd000-7f96402be000 rw-p 00000000 00:00 0 
7f96402be000-7f96402bf000 ---p 00000000 00:00 0 
7f96402bf000-7f9640536000 rw-p 00000000 00:00 0 
7f9640536000-7f9640c80000 ---p 00000000 00:00 0 
7f9640c80000-7f9640cfd000 rw-p 00000000 00:00 0 
7f9640cfd000-7f9641447000 ---p 00000000 00:00 0 
7f9641447000-7f96414c4000 rw-p 00000000 00:00 0 
7f96414c4000-7f9641c0e000 ---p 00000000 00:00 0 
7f9641c0e000-7f9642012000 rw-p 00000000 00:00 0 
7f9642012000-7f9642013000 ---p 00000000 00:00 0 
7f9642013000-7f9642114000 rw-p 00000000 00:00 0 
7f9642114000-7f9642115000 ---p 00000000 00:00 0 
7f9642115000-7f9642216000 rw-p 00000000 00:00 0 
7f9642216000-7f9642217000 ---p 00000000 00:00 0 
7f9642217000-7f9642318000 rw-p 00000000 00:00 0 
7f9642318000-7f9642319000 ---p 00000000 00:00 0 
7f9642319000-7f964241f000 rw-p 00000000 00:00 0 
7f964241f000-7f9642505000 ---p 00000000 00:00 0 
7f9642505000-7f9642775000 rwxp 00000000 00:00 0 
7f9642775000-7f9642a95000 ---p 00000000 00:00 0 
7f9642a95000-7f9642d05000 rwxp 00000000 00:00 0 
7f9642d05000-7f9649fcd000 ---p 00000000 00:00 0 
7f9649fcd000-7f964a23d000 rwxp 00000000 00:00 0 
7f964a23d000-7f9651505000 ---p 00000000 00:00 0 
7f9651505000-7f965a9e0000 r--s 00000000 103:02 23201678                  /usr/lib/jvm/java-11-openjdk-amd64/lib/modules
7f965a9e0000-7f965a9e5000 r-xp 00000000 103:02 23201658                  /usr/lib/jvm/java-11-openjdk-amd64/lib/libjimage.so
7f965a9e5000-7f965abe4000 ---p 00005000 103:02 23201658                  /usr/lib/jvm/java-11-openjdk-amd64/lib/libjimage.so
7f965abe4000-7f965abe5000 r--p 00004000 103:02 23201658                  /usr/lib/jvm/java-11-openjdk-amd64/lib/libjimage.so
7f965abe5000-7f965abe6000 rw-p 00005000 103:02 23201658                  /usr/lib/jvm/java-11-openjdk-amd64/lib/libjimage.so
7f965abe6000-7f965abed000 r-xp 00000000 103:02 23201677                  /usr/lib/jvm/java-11-openjdk-amd64/lib/libzip.so
7f965abed000-7f965adec000 ---p 00007000 103:02 23201677                  /usr/lib/jvm/java-11-openjdk-amd64/lib/libzip.so
7f965adec000-7f965aded000 r--p 00006000 103:02 23201677                  /usr/lib/jvm/java-11-openjdk-amd64/lib/libzip.so
7f965aded000-7f965adee000 rw-p 00007000 103:02 23201677                  /usr/lib/jvm/java-11-openjdk-amd64/lib/libzip.so
7f965adee000-7f965adf9000 r-xp 00000000 103:02 28054166                  /lib/x86_64-linux-gnu/libnss_files-2.27.so
7f965adf9000-7f965aff8000 ---p 0000b000 103:02 28054166                  /lib/x86_64-linux-gnu/libnss_files-2.27.so
7f965aff8000-7f965aff9000 r--p 0000a000 103:02 28054166                  /lib/x86_64-linux-gnu/libnss_files-2.27.so
7f965aff9000-7f965affa000 rw-p 0000b000 103:02 28054166                  /lib/x86_64-linux-gnu/libnss_files-2.27.so
7f965affa000-7f965b000000 rw-p 00000000 00:00 0 
7f965b000000-7f965b017000 r-xp 00000000 103:02 28054160                  /lib/x86_64-linux-gnu/libnsl-2.27.so
7f965b017000-7f965b216000 ---p 00017000 103:02 28054160                  /lib/x86_64-linux-gnu/libnsl-2.27.so
7f965b216000-7f965b217000 r--p 00016000 103:02 28054160                  /lib/x86_64-linux-gnu/libnsl-2.27.so
7f965b217000-7f965b218000 rw-p 00017000 103:02 28054160                  /lib/x86_64-linux-gnu/libnsl-2.27.so
7f965b218000-7f965b21a000 rw-p 00000000 00:00 0 
7f965b21a000-7f965b225000 r-xp 00000000 103:02 28054177                  /lib/x86_64-linux-gnu/libnss_nis-2.27.so
7f965b225000-7f965b424000 ---p 0000b000 103:02 28054177                  /lib/x86_64-linux-gnu/libnss_nis-2.27.so
7f965b424000-7f965b425000 r--p 0000a000 103:02 28054177                  /lib/x86_64-linux-gnu/libnss_nis-2.27.so
7f965b425000-7f965b426000 rw-p 0000b000 103:02 28054177                  /lib/x86_64-linux-gnu/libnss_nis-2.27.so
7f965b426000-7f965b42e000 r-xp 00000000 103:02 28054162                  /lib/x86_64-linux-gnu/libnss_compat-2.27.so
7f965b42e000-7f965b62e000 ---p 00008000 103:02 28054162                  /lib/x86_64-linux-gnu/libnss_compat-2.27.so
7f965b62e000-7f965b62f000 r--p 00008000 103:02 28054162                  /lib/x86_64-linux-gnu/libnss_compat-2.27.so
7f965b62f000-7f965b630000 rw-p 00009000 103:02 28054162                  /lib/x86_64-linux-gnu/libnss_compat-2.27.so
7f965b630000-7f965c000000 r--p 00000000 103:02 21109359                  /usr/lib/locale/locale-archive
7f965c000000-7f965c386000 rw-p 00000000 00:00 0 
7f965c386000-7f9660000000 ---p 00000000 00:00 0 
7f9660005000-7f9660065000 rw-p 00000000 00:00 0 
7f9660065000-7f966014b000 ---p 00000000 00:00 0 
7f966014b000-7f9660155000 r-xp 00000000 103:02 23201649                  /usr/lib/jvm/java-11-openjdk-amd64/lib/libinstrument.so
7f9660155000-7f9660354000 ---p 0000a000 103:02 23201649                  /usr/lib/jvm/java-11-openjdk-amd64/lib/libinstrument.so
7f9660354000-7f9660355000 r--p 00009000 103:02 23201649                  /usr/lib/jvm/java-11-openjdk-amd64/lib/libinstrument.so
7f9660355000-7f9660356000 rw-p 0000a000 103:02 23201649                  /usr/lib/jvm/java-11-openjdk-amd64/lib/libinstrument.so
7f9660356000-7f9660393000 r-xp 00000000 103:02 23201657                  /usr/lib/jvm/java-11-openjdk-amd64/lib/libjdwp.so
7f9660393000-7f9660592000 ---p 0003d000 103:02 23201657                  /usr/lib/jvm/java-11-openjdk-amd64/lib/libjdwp.so
7f9660592000-7f9660593000 r--p 0003c000 103:02 23201657                  /usr/lib/jvm/java-11-openjdk-amd64/lib/libjdwp.so
7f9660593000-7f9660594000 rw-p 0003d000 103:02 23201657                  /usr/lib/jvm/java-11-openjdk-amd64/lib/libjdwp.so
7f9660594000-7f96605c0000 r-xp 00000000 103:02 23201654                  /usr/lib/jvm/java-11-openjdk-amd64/lib/libjava.so
7f96605c0000-7f96607bf000 ---p 0002c000 103:02 23201654                  /usr/lib/jvm/java-11-openjdk-amd64/lib/libjava.so
7f96607bf000-7f96607c0000 r--p 0002b000 103:02 23201654                  /usr/lib/jvm/java-11-openjdk-amd64/lib/libjava.so
7f96607c0000-7f96607c2000 rw-p 0002c000 103:02 23201654                  /usr/lib/jvm/java-11-openjdk-amd64/lib/libjava.so
7f96607c2000-7f96607cf000 r-xp 00000000 103:02 23201676                  /usr/lib/jvm/java-11-openjdk-amd64/lib/libverify.so
7f96607cf000-7f96609ce000 ---p 0000d000 103:02 23201676                  /usr/lib/jvm/java-11-openjdk-amd64/lib/libverify.so
7f96609ce000-7f96609d0000 r--p 0000c000 103:02 23201676                  /usr/lib/jvm/java-11-openjdk-amd64/lib/libverify.so
7f96609d0000-7f96609d1000 rw-p 0000e000 103:02 23201676                  /usr/lib/jvm/java-11-openjdk-amd64/lib/libverify.so
7f96609d1000-7f96609d8000 r-xp 00000000 103:02 28054217                  /lib/x86_64-linux-gnu/librt-2.27.so
7f96609d8000-7f9660bd7000 ---p 00007000 103:02 28054217                  /lib/x86_64-linux-gnu/librt-2.27.so
7f9660bd7000-7f9660bd8000 r--p 00006000 103:02 28054217                  /lib/x86_64-linux-gnu/librt-2.27.so
7f9660bd8000-7f9660bd9000 rw-p 00007000 103:02 28054217                  /lib/x86_64-linux-gnu/librt-2.27.so
7f9660bd9000-7f9660bf0000 r-xp 00000000 103:02 28051373                  /lib/x86_64-linux-gnu/libgcc_s.so.1
7f9660bf0000-7f9660def000 ---p 00017000 103:02 28051373                  /lib/x86_64-linux-gnu/libgcc_s.so.1
7f9660def000-7f9660df0000 r--p 00016000 103:02 28051373                  /lib/x86_64-linux-gnu/libgcc_s.so.1
7f9660df0000-7f9660df1000 rw-p 00017000 103:02 28051373                  /lib/x86_64-linux-gnu/libgcc_s.so.1
7f9660df1000-7f9660f8e000 r-xp 00000000 103:02 28054139                  /lib/x86_64-linux-gnu/libm-2.27.so
7f9660f8e000-7f966118d000 ---p 0019d000 103:02 28054139                  /lib/x86_64-linux-gnu/libm-2.27.so
7f966118d000-7f966118e000 r--p 0019c000 103:02 28054139                  /lib/x86_64-linux-gnu/libm-2.27.so
7f966118e000-7f966118f000 rw-p 0019d000 103:02 28054139                  /lib/x86_64-linux-gnu/libm-2.27.so
7f966118f000-7f9661308000 r-xp 00000000 103:02 21109863                  /usr/lib/x86_64-linux-gnu/libstdc++.so.6.0.25
7f9661308000-7f9661508000 ---p 00179000 103:02 21109863                  /usr/lib/x86_64-linux-gnu/libstdc++.so.6.0.25
7f9661508000-7f9661512000 r--p 00179000 103:02 21109863                  /usr/lib/x86_64-linux-gnu/libstdc++.so.6.0.25
7f9661512000-7f9661514000 rw-p 00183000 103:02 21109863                  /usr/lib/x86_64-linux-gnu/libstdc++.so.6.0.25
7f9661514000-7f9661518000 rw-p 00000000 00:00 0 
7f9661518000-7f96624b5000 r-xp 00000000 103:02 23201681                  /usr/lib/jvm/java-11-openjdk-amd64/lib/server/libjvm.so
7f96624b5000-7f96626b5000 ---p 00f9d000 103:02 23201681                  /usr/lib/jvm/java-11-openjdk-amd64/lib/server/libjvm.so
7f96626b5000-7f9662779000 r--p 00f9d000 103:02 23201681                  /usr/lib/jvm/java-11-openjdk-amd64/lib/server/libjvm.so
7f9662779000-7f96627b1000 rw-p 01061000 103:02 23201681                  /usr/lib/jvm/java-11-openjdk-amd64/lib/server/libjvm.so
7f96627b1000-7f96627fa000 rw-p 00000000 00:00 0 
7f96627fa000-7f9662814000 r-xp 00000000 103:02 28054209                  /lib/x86_64-linux-gnu/libpthread-2.27.so
7f9662814000-7f9662a13000 ---p 0001a000 103:02 28054209                  /lib/x86_64-linux-gnu/libpthread-2.27.so
7f9662a13000-7f9662a14000 r--p 00019000 103:02 28054209                  /lib/x86_64-linux-gnu/libpthread-2.27.so
7f9662a14000-7f9662a15000 rw-p 0001a000 103:02 28054209                  /lib/x86_64-linux-gnu/libpthread-2.27.so
7f9662a15000-7f9662a19000 rw-p 00000000 00:00 0 
7f9662a19000-7f9662a1c000 r-xp 00000000 103:02 28054099                  /lib/x86_64-linux-gnu/libdl-2.27.so
7f9662a1c000-7f9662c1b000 ---p 00003000 103:02 28054099                  /lib/x86_64-linux-gnu/libdl-2.27.so
7f9662c1b000-7f9662c1c000 r--p 00002000 103:02 28054099                  /lib/x86_64-linux-gnu/libdl-2.27.so
7f9662c1c000-7f9662c1d000 rw-p 00003000 103:02 28054099                  /lib/x86_64-linux-gnu/libdl-2.27.so
7f9662c1d000-7f9662c39000 r-xp 00000000 103:02 28054248                  /lib/x86_64-linux-gnu/libz.so.1.2.11
7f9662c39000-7f9662e38000 ---p 0001c000 103:02 28054248                  /lib/x86_64-linux-gnu/libz.so.1.2.11
7f9662e38000-7f9662e39000 r--p 0001b000 103:02 28054248                  /lib/x86_64-linux-gnu/libz.so.1.2.11
7f9662e39000-7f9662e3a000 rw-p 0001c000 103:02 28054248                  /lib/x86_64-linux-gnu/libz.so.1.2.11
7f9662e3a000-7f9663021000 r-xp 00000000 103:02 28054076                  /lib/x86_64-linux-gnu/libc-2.27.so
7f9663021000-7f9663221000 ---p 001e7000 103:02 28054076                  /lib/x86_64-linux-gnu/libc-2.27.so
7f9663221000-7f9663225000 r--p 001e7000 103:02 28054076                  /lib/x86_64-linux-gnu/libc-2.27.so
7f9663225000-7f9663227000 rw-p 001eb000 103:02 28054076                  /lib/x86_64-linux-gnu/libc-2.27.so
7f9663227000-7f966322b000 rw-p 00000000 00:00 0 
7f966322b000-7f966323a000 r-xp 00000000 103:02 23201639                  /usr/lib/jvm/java-11-openjdk-amd64/lib/jli/libjli.so
7f966323a000-7f9663439000 ---p 0000f000 103:02 23201639                  /usr/lib/jvm/java-11-openjdk-amd64/lib/jli/libjli.so
7f9663439000-7f966343a000 r--p 0000e000 103:02 23201639                  /usr/lib/jvm/java-11-openjdk-amd64/lib/jli/libjli.so
7f966343a000-7f966343b000 rw-p 0000f000 103:02 23201639                  /usr/lib/jvm/java-11-openjdk-amd64/lib/jli/libjli.so
7f966343b000-7f9663462000 r-xp 00000000 103:02 28054048                  /lib/x86_64-linux-gnu/ld-2.27.so
7f96634b4000-7f96634bb000 r--s 00000000 103:02 21367965                  /usr/lib/x86_64-linux-gnu/gconv/gconv-modules.cache
7f96634bb000-7f9663540000 rw-p 00000000 00:00 0 
7f9663540000-7f9663544000 ---p 00000000 00:00 0 
7f9663544000-7f9663643000 rw-p 00000000 00:00 0 
7f9663647000-7f966364d000 rw-p 00000000 00:00 0 
7f966364d000-7f9663654000 ---p 00000000 00:00 0 
7f9663654000-7f9663656000 r--s 00001000 103:02 29231524                  /home/gleb/Downloads/idea-IC-182.4323.46/lib/rt/debugger-agent-storage.jar
7f9663656000-7f966365e000 rw-s 00000000 103:02 6292292                   /tmp/hsperfdata_gleb/9961
7f966365e000-7f966365f000 ---p 00000000 00:00 0 
7f966365f000-7f9663660000 r--p 00000000 00:00 0 
7f9663660000-7f9663662000 rw-p 00000000 00:00 0 
7f9663662000-7f9663663000 r--p 00027000 103:02 28054048                  /lib/x86_64-linux-gnu/ld-2.27.so
7f9663663000-7f9663664000 rw-p 00028000 103:02 28054048                  /lib/x86_64-linux-gnu/ld-2.27.so
7f9663664000-7f9663665000 rw-p 00000000 00:00 0 
7fff94833000-7fff94854000 rw-p 00000000 00:00 0                          [stack]
7fff949e8000-7fff949eb000 r--p 00000000 00:00 0                          [vvar]
7fff949eb000-7fff949ed000 r-xp 00000000 00:00 0                          [vdso]
ffffffffff600000-ffffffffff601000 r-xp 00000000 00:00 0                  [vsyscall]


VM Arguments:
jvm_args: -agentlib:jdwp=transport=dt_socket,address=127.0.0.1:46879,suspend=y,server=n -javaagent:/home/gleb/Downloads/idea-IC-182.4323.46/lib/rt/debugger-agent.jar=file:/tmp/capture.props -Dfile.encoding=UTF-8 
java_command: ru.ifmo.uml.Main
java_class_path (initial): /home/gleb/IdeaProjects/uml/out/production/uml:/home/gleb/Downloads/idea-IC-182.4323.46/plugins/Kotlin/kotlinc/lib/kotlin-stdlib.jar:/home/gleb/Downloads/idea-IC-182.4323.46/plugins/Kotlin/kotlinc/lib/kotlin-reflect.jar:/home/gleb/Downloads/idea-IC-182.4323.46/plugins/Kotlin/kotlinc/lib/kotlin-test.jar:/home/gleb/Downloads/idea-IC-182.4323.46/plugins/Kotlin/kotlinc/lib/kotlin-stdlib-jdk7.jar:/home/gleb/Downloads/idea-IC-182.4323.46/plugins/Kotlin/kotlinc/lib/kotlin-stdlib-jdk8.jar:/home/gleb/Downloads/idea-IC-182.4323.46/lib/idea_rt.jar
Launcher Type: SUN_STANDARD

Logging:
Log output configuration:
#0: stdout all=warning uptime,level,tags
#1: stderr all=off uptime,level,tags

Environment Variables:
JAVA_HOME=/usr/lib/jvm/java-8-oracle
PATH=/usr/local/sbin:/usr/local/bin:/usr/sbin:/usr/bin:/sbin:/bin:/usr/games:/usr/local/games:/snap/bin:/usr/lib/jvm/java-8-oracle/bin:/usr/lib/jvm/java-8-oracle/db/bin:/usr/lib/jvm/java-8-oracle/jre/bin
USERNAME=gleb
SHELL=/bin/bash
DISPLAY=:0

Signal Handlers:
SIGSEGV: [libjvm.so+0xd28b70], sa_mask[0]=11111111011111111101111111111110, sa_flags=SA_RESTART|SA_SIGINFO
SIGBUS: [libjvm.so+0xd28b70], sa_mask[0]=11111111011111111101111111111110, sa_flags=SA_RESTART|SA_SIGINFO
SIGFPE: [libjvm.so+0xd28b70], sa_mask[0]=11111111011111111101111111111110, sa_flags=SA_RESTART|SA_SIGINFO
SIGPIPE: [libjvm.so+0xb2a1f0], sa_mask[0]=11111111011111111101111111111110, sa_flags=SA_RESTART|SA_SIGINFO
SIGXFSZ: [libjvm.so+0xb2a1f0], sa_mask[0]=11111111011111111101111111111110, sa_flags=SA_RESTART|SA_SIGINFO
SIGILL: [libjvm.so+0xd28b70], sa_mask[0]=11111111011111111101111111111110, sa_flags=SA_RESTART|SA_SIGINFO
SIGUSR2: [libjvm.so+0xb2a030], sa_mask[0]=00100000000000000000000000000000, sa_flags=SA_RESTART|SA_SIGINFO
SIGHUP: [libjvm.so+0xb2a180], sa_mask[0]=11111111011111111101111111111110, sa_flags=SA_RESTART|SA_SIGINFO
SIGINT: [libjvm.so+0xb2a180], sa_mask[0]=11111111011111111101111111111110, sa_flags=SA_RESTART|SA_SIGINFO
SIGTERM: [libjvm.so+0xb2a180], sa_mask[0]=11111111011111111101111111111110, sa_flags=SA_RESTART|SA_SIGINFO
SIGQUIT: [libjvm.so+0xb2a180], sa_mask[0]=11111111011111111101111111111110, sa_flags=SA_RESTART|SA_SIGINFO


---------------  S Y S T E M  ---------------

OS:DISTRIB_ID=Ubuntu
DISTRIB_RELEASE=18.04
DISTRIB_CODENAME=bionic
DISTRIB_DESCRIPTION="Ubuntu 18.04.1 LTS"
uname:Linux 4.15.0-46-generic #49-Ubuntu SMP Wed Feb 6 09:33:07 UTC 2019 x86_64
libc:glibc 2.27 NPTL 2.27 
rlimit: STACK 8192k, CORE 0k, NPROC 62911, NOFILE 1048576, AS infinity, DATA infinity, FSIZE infinity
load average:1.23 1.00 0.81

/proc/meminfo:
MemTotal:       16304732 kB
MemFree:        10310056 kB
MemAvailable:   12167816 kB
Buffers:          133780 kB
Cached:          2333636 kB
SwapCached:            0 kB
Active:          4015872 kB
Inactive:        1584928 kB
Active(anon):    3135308 kB
Inactive(anon):   424520 kB
Active(file):     880564 kB
Inactive(file):  1160408 kB
Unevictable:         188 kB
Mlocked:             188 kB
SwapTotal:       2097148 kB
SwapFree:        2097148 kB
Dirty:              8292 kB
Writeback:             0 kB
AnonPages:       3133676 kB
Mapped:           551548 kB
Shmem:            426448 kB
Slab:             218036 kB
SReclaimable:     151388 kB
SUnreclaim:        66648 kB
KernelStack:       15520 kB
PageTables:        65308 kB
NFS_Unstable:          0 kB
Bounce:                0 kB
WritebackTmp:          0 kB
CommitLimit:    10249512 kB
Committed_AS:   11574060 kB
VmallocTotal:   34359738367 kB
VmallocUsed:           0 kB
VmallocChunk:          0 kB
HardwareCorrupted:     0 kB
AnonHugePages:         0 kB
ShmemHugePages:        0 kB
ShmemPmdMapped:        0 kB
CmaTotal:              0 kB
CmaFree:               0 kB
HugePages_Total:       0
HugePages_Free:        0
HugePages_Rsvd:        0
HugePages_Surp:        0
Hugepagesize:       2048 kB
DirectMap4k:      241616 kB
DirectMap2M:     6977536 kB
DirectMap1G:    10485760 kB

container (cgroup) information:
container_type: cgroupv1
cpu_cpuset_cpus: 0-3
cpu_memory_nodes: 0
active_processor_count: 4
cpu_quota: -1
cpu_period: 100000
cpu_shares: -1
memory_limit_in_bytes: -1
memory_and_swap_limit_in_bytes: -2
memory_soft_limit_in_bytes: -1
memory_usage_in_bytes: 5735907328
memory_max_usage_in_bytes: 0


CPU:total 4 (initial active 4) (2 cores per cpu, 2 threads per core) family 6 model 142 stepping 9, cmov, cx8, fxsr, mmx, sse, sse2, sse3, ssse3, sse4.1, sse4.2, popcnt, avx, avx2, aes, clmul, erms, 3dnowpref, lzcnt, ht, tsc, tscinvbit, bmi1, bmi2, adx, fma
CPU Model and flags from /proc/cpuinfo:
model name	: Intel(R) Core(TM) i7-7500U CPU @ 2.70GHz
flags		: fpu vme de pse tsc msr pae mce cx8 apic sep mtrr pge mca cmov pat pse36 clflush dts acpi mmx fxsr sse sse2 ss ht tm pbe syscall nx pdpe1gb rdtscp lm constant_tsc art arch_perfmon pebs bts rep_good nopl xtopology nonstop_tsc cpuid aperfmperf tsc_known_freq pni pclmulqdq dtes64 monitor ds_cpl vmx est tm2 ssse3 sdbg fma cx16 xtpr pdcm pcid sse4_1 sse4_2 x2apic movbe popcnt aes xsave avx f16c rdrand lahf_lm abm 3dnowprefetch cpuid_fault epb invpcid_single pti tpr_shadow vnmi flexpriority ept vpid fsgsbase tsc_adjust bmi1 avx2 smep bmi2 erms invpcid mpx rdseed adx smap clflushopt intel_pt xsaveopt xsavec xgetbv1 xsaves dtherm ida arat pln pts hwp hwp_notify hwp_act_window hwp_epp

Memory: 4k page, physical 16304732k(10310056k free), swap 2097148k(2097148k free)

vm_info: OpenJDK 64-Bit Server VM (10.0.2+13-Ubuntu-1ubuntu0.18.04.4) for linux-amd64 JRE (10.0.2+13-Ubuntu-1ubuntu0.18.04.4), built on Nov 13 2018 12:53:39 by "buildd" with gcc 7.3.0

END.
